[ 2017-11-22T12:34:04+08:00 ] 127.0.0.1 /finance/index.php/Admin/Exam/showList.html
INFO: [ app_init ] --START--
INFO: Run Behavior\BuildLiteBehavior [ RunTime:0.000009s ]
INFO: [ app_init ] --END-- [ RunTime:0.000339s ]
INFO: [ app_begin ] --START--
INFO: Run Behavior\ReadHtmlCacheBehavior [ RunTime:0.000723s ]
INFO: [ app_begin ] --END-- [ RunTime:0.000813s ]

[ 2017-11-22T12:34:04+08:00 ] 127.0.0.1 /finance/index.php/Admin/Login/login.html
INFO: [ app_init ] --START--
INFO: Run Behavior\BuildLiteBehavior [ RunTime:0.000010s ]
INFO: [ app_init ] --END-- [ RunTime:0.000317s ]
INFO: [ app_begin ] --START--
INFO: Run Behavior\ReadHtmlCacheBehavior [ RunTime:0.000423s ]
INFO: [ app_begin ] --END-- [ RunTime:0.000455s ]
INFO: [ view_parse ] --START--
INFO: [ template_filter ] --START--
INFO: Run Behavior\ContentReplaceBehavior [ RunTime:0.000074s ]
INFO: [ template_filter ] --END-- [ RunTime:0.000115s ]
INFO: Run Behavior\ParseTemplateBehavior [ RunTime:0.037119s ]
INFO: [ view_parse ] --END-- [ RunTime:0.037182s ]
INFO: [ view_filter ] --START--
INFO: Run Behavior\WriteHtmlCacheBehavior [ RunTime:0.000434s ]
INFO: [ view_filter ] --END-- [ RunTime:0.000460s ]
INFO: [ app_end ] --START--
INFO: Run Behavior\ShowPageTraceBehavior [ RunTime:0.000556s ]
INFO: [ app_end ] --END-- [ RunTime:0.000585s ]

[ 2017-11-22T12:34:05+08:00 ] 127.0.0.1 /finance/index.php/Admin/Login/getCode
INFO: [ app_init ] --START--
INFO: Run Behavior\BuildLiteBehavior [ RunTime:0.000011s ]
INFO: [ app_init ] --END-- [ RunTime:0.000406s ]
INFO: [ app_begin ] --START--
INFO: Run Behavior\ReadHtmlCacheBehavior [ RunTime:0.000456s ]
INFO: [ app_begin ] --END-- [ RunTime:0.000494s ]
INFO: [ app_end ] --START--
INFO: Run Behavior\ShowPageTraceBehavior [ RunTime:0.000842s ]
INFO: [ app_end ] --END-- [ RunTime:0.000928s ]

[ 2017-11-22T17:07:24+08:00 ] 127.0.0.1 /finance/index.php/admin
INFO: [ app_init ] --START--
INFO: Run Behavior\BuildLiteBehavior [ RunTime:0.000015s ]
INFO: [ app_init ] --END-- [ RunTime:0.000479s ]
INFO: [ app_begin ] --START--
INFO: Run Behavior\ReadHtmlCacheBehavior [ RunTime:0.000630s ]
INFO: [ app_begin ] --END-- [ RunTime:0.000685s ]

[ 2017-11-22T17:07:25+08:00 ] 127.0.0.1 /finance/index.php/Admin/Login/login.html
INFO: [ app_init ] --START--
INFO: Run Behavior\BuildLiteBehavior [ RunTime:0.000011s ]
INFO: [ app_init ] --END-- [ RunTime:0.000369s ]
INFO: [ app_begin ] --START--
INFO: Run Behavior\ReadHtmlCacheBehavior [ RunTime:0.001049s ]
INFO: [ app_begin ] --END-- [ RunTime:0.001135s ]
INFO: [ view_parse ] --START--
INFO: [ template_filter ] --START--
INFO: Run Behavior\ContentReplaceBehavior [ RunTime:0.000063s ]
INFO: [ template_filter ] --END-- [ RunTime:0.000107s ]
INFO: Run Behavior\ParseTemplateBehavior [ RunTime:0.005166s ]
INFO: [ view_parse ] --END-- [ RunTime:0.005214s ]
INFO: [ view_filter ] --START--
INFO: Run Behavior\WriteHtmlCacheBehavior [ RunTime:0.000371s ]
INFO: [ view_filter ] --END-- [ RunTime:0.000400s ]
INFO: [ app_end ] --START--
INFO: Run Behavior\ShowPageTraceBehavior [ RunTime:0.000493s ]
INFO: [ app_end ] --END-- [ RunTime:0.000523s ]

[ 2017-11-22T17:07:25+08:00 ] 127.0.0.1 /finance/index.php/Admin/Login/getCode
INFO: [ app_init ] --START--
INFO: Run Behavior\BuildLiteBehavior [ RunTime:0.000017s ]
INFO: [ app_init ] --END-- [ RunTime:0.000425s ]
INFO: [ app_begin ] --START--
INFO: Run Behavior\ReadHtmlCacheBehavior [ RunTime:0.000413s ]
INFO: [ app_begin ] --END-- [ RunTime:0.000462s ]
INFO: [ app_end ] --START--
INFO: Run Behavior\ShowPageTraceBehavior [ RunTime:0.000595s ]
INFO: [ app_end ] --END-- [ RunTime:0.000650s ]

[ 2017-11-22T17:07:31+08:00 ] 127.0.0.1 /finance/index.php/Admin/Login/login
INFO: [ app_init ] --START--
INFO: Run Behavior\BuildLiteBehavior [ RunTime:0.000016s ]
INFO: [ app_init ] --END-- [ RunTime:0.000454s ]
INFO: [ app_begin ] --START--
INFO: Run Behavior\ReadHtmlCacheBehavior [ RunTime:0.000527s ]
INFO: [ app_begin ] --END-- [ RunTime:0.000583s ]
SQL: SHOW COLUMNS FROM `fi_admin` [ RunTime:0.0367s ]
SQL: SELECT * FROM `fi_admin` WHERE `admin_id` = 'admin' LIMIT 1   [ RunTime:0.0004s ]
NOTIC: [8] Undefined index: admin_name D:\database\Project\working\company\finance\App\Admin\Controller\LoginController.class.php 第 55 行.
INFO: [ app_end ] --START--
INFO: Run Behavior\ShowPageTraceBehavior [ RunTime:0.001057s ]
INFO: [ app_end ] --END-- [ RunTime:0.001120s ]

[ 2017-11-22T17:07:31+08:00 ] 127.0.0.1 /finance/index.php/Admin/Login/getCode
INFO: [ app_init ] --START--
INFO: Run Behavior\BuildLiteBehavior [ RunTime:0.000012s ]
INFO: [ app_init ] --END-- [ RunTime:0.000334s ]
INFO: [ app_begin ] --START--
INFO: Run Behavior\ReadHtmlCacheBehavior [ RunTime:0.000508s ]
INFO: [ app_begin ] --END-- [ RunTime:0.000558s ]
INFO: [ app_end ] --START--
INFO: Run Behavior\ShowPageTraceBehavior [ RunTime:0.000755s ]
INFO: [ app_end ] --END-- [ RunTime:0.000859s ]

[ 2017-11-22T17:07:32+08:00 ] 127.0.0.1 /finance/index.php/Admin/Index/index.html
INFO: [ app_init ] --START--
INFO: Run Behavior\BuildLiteBehavior [ RunTime:0.000011s ]
INFO: [ app_init ] --END-- [ RunTime:0.000347s ]
INFO: [ app_begin ] --START--
INFO: Run Behavior\ReadHtmlCacheBehavior [ RunTime:0.000435s ]
INFO: [ app_begin ] --END-- [ RunTime:0.000469s ]
INFO: [ view_parse ] --START--
INFO: [ template_filter ] --START--
INFO: Run Behavior\ContentReplaceBehavior [ RunTime:0.000061s ]
INFO: [ template_filter ] --END-- [ RunTime:0.000104s ]
NOTIC: [8] Undefined variable: admin_url D:\database\Project\working\company\finance\App\Runtime\Cache\Admin\9df924d9a2d217daa77a359c5bee0c33.php 第 124 行.
NOTIC: [8] Undefined variable: admin_url D:\database\Project\working\company\finance\App\Runtime\Cache\Admin\9df924d9a2d217daa77a359c5bee0c33.php 第 124 行.
NOTIC: [8] Undefined variable: admin_url D:\database\Project\working\company\finance\App\Runtime\Cache\Admin\9df924d9a2d217daa77a359c5bee0c33.php 第 125 行.
INFO: Run Behavior\ParseTemplateBehavior [ RunTime:0.005616s ]
INFO: [ view_parse ] --END-- [ RunTime:0.005655s ]
INFO: [ view_filter ] --START--
INFO: Run Behavior\WriteHtmlCacheBehavior [ RunTime:0.000490s ]
INFO: [ view_filter ] --END-- [ RunTime:0.000529s ]
INFO: [ app_end ] --START--
INFO: Run Behavior\ShowPageTraceBehavior [ RunTime:0.000642s ]
INFO: [ app_end ] --END-- [ RunTime:0.000681s ]

[ 2017-11-22T17:07:35+08:00 ] 127.0.0.1 /finance/index.php/Admin/Index/index.html
INFO: [ app_init ] --START--
INFO: Run Behavior\BuildLiteBehavior [ RunTime:0.000011s ]
INFO: [ app_init ] --END-- [ RunTime:0.000377s ]
INFO: [ app_begin ] --START--
INFO: Run Behavior\ReadHtmlCacheBehavior [ RunTime:0.000570s ]
INFO: [ app_begin ] --END-- [ RunTime:0.000666s ]
INFO: [ app_end ] --START--
INFO: Run Behavior\ShowPageTraceBehavior [ RunTime:0.000551s ]
INFO: [ app_end ] --END-- [ RunTime:0.000594s ]

[ 2017-11-22T17:07:35+08:00 ] 127.0.0.1 /finance/index.php/Admin/DiscountCode/showList.html
INFO: [ app_init ] --START--
INFO: Run Behavior\BuildLiteBehavior [ RunTime:0.000013s ]
INFO: [ app_init ] --END-- [ RunTime:0.000455s ]
INFO: [ app_begin ] --START--
INFO: Run Behavior\ReadHtmlCacheBehavior [ RunTime:0.000572s ]
INFO: [ app_begin ] --END-- [ RunTime:0.000621s ]
INFO: [ view_parse ] --START--
INFO: [ template_filter ] --START--
INFO: Run Behavior\ContentReplaceBehavior [ RunTime:0.000083s ]
INFO: [ template_filter ] --END-- [ RunTime:0.000124s ]
INFO: Run Behavior\ParseTemplateBehavior [ RunTime:0.006078s ]
INFO: [ view_parse ] --END-- [ RunTime:0.006124s ]
INFO: [ view_filter ] --START--
INFO: Run Behavior\WriteHtmlCacheBehavior [ RunTime:0.000482s ]
INFO: [ view_filter ] --END-- [ RunTime:0.000509s ]
INFO: [ app_end ] --START--
INFO: Run Behavior\ShowPageTraceBehavior [ RunTime:0.000602s ]
INFO: [ app_end ] --END-- [ RunTime:0.000660s ]

[ 2017-11-22T17:07:36+08:00 ] 127.0.0.1 /finance/index.php/Admin/DiscountCode/getList?page=1&limit=10
INFO: [ app_init ] --START--
INFO: Run Behavior\BuildLiteBehavior [ RunTime:0.000011s ]
INFO: [ app_init ] --END-- [ RunTime:0.000383s ]
INFO: [ app_begin ] --START--
INFO: Run Behavior\ReadHtmlCacheBehavior [ RunTime:0.000535s ]
INFO: [ app_begin ] --END-- [ RunTime:0.000568s ]
SQL: SHOW COLUMNS FROM `fi_discount_code` [ RunTime:0.0351s ]
SQL: SELECT COUNT(*) AS tp_count FROM `fi_discount_code` LIMIT 1   [ RunTime:0.0002s ]
SQL: SELECT * FROM `fi_discount_code` ORDER BY add_time desc LIMIT 0,10   [ RunTime:0.0003s ]
INFO: [ app_end ] --START--
INFO: Run Behavior\ShowPageTraceBehavior [ RunTime:0.000777s ]
INFO: [ app_end ] --END-- [ RunTime:0.000816s ]

[ 2017-11-22T17:07:36+08:00 ] 127.0.0.1 /finance/index.php/Admin/Index/index.html
INFO: [ app_init ] --START--
INFO: Run Behavior\BuildLiteBehavior [ RunTime:0.000016s ]
INFO: [ app_init ] --END-- [ RunTime:0.000630s ]
INFO: [ app_begin ] --START--
INFO: Run Behavior\ReadHtmlCacheBehavior [ RunTime:0.001048s ]
INFO: [ app_begin ] --END-- [ RunTime:0.001128s ]
INFO: [ app_end ] --START--
INFO: Run Behavior\ShowPageTraceBehavior [ RunTime:0.000882s ]
INFO: [ app_end ] --END-- [ RunTime:0.000950s ]

[ 2017-11-22T17:07:36+08:00 ] 127.0.0.1 /finance/index.php/Admin/Discount/showList.html
INFO: [ app_init ] --START--
INFO: Run Behavior\BuildLiteBehavior [ RunTime:0.000014s ]
INFO: [ app_init ] --END-- [ RunTime:0.000490s ]
INFO: [ app_begin ] --START--
INFO: Run Behavior\ReadHtmlCacheBehavior [ RunTime:0.000606s ]
INFO: [ app_begin ] --END-- [ RunTime:0.000648s ]
INFO: [ view_parse ] --START--
INFO: [ template_filter ] --START--
INFO: Run Behavior\ContentReplaceBehavior [ RunTime:0.000085s ]
INFO: [ template_filter ] --END-- [ RunTime:0.000125s ]
INFO: Run Behavior\ParseTemplateBehavior [ RunTime:0.011623s ]
INFO: [ view_parse ] --END-- [ RunTime:0.011683s ]
INFO: [ view_filter ] --START--
INFO: Run Behavior\WriteHtmlCacheBehavior [ RunTime:0.000486s ]
INFO: [ view_filter ] --END-- [ RunTime:0.000517s ]
INFO: [ app_end ] --START--
INFO: Run Behavior\ShowPageTraceBehavior [ RunTime:0.000978s ]
INFO: [ app_end ] --END-- [ RunTime:0.001053s ]

[ 2017-11-22T17:07:36+08:00 ] 127.0.0.1 /finance/index.php/Admin/Discount/getList?page=1&limit=10
INFO: [ app_init ] --START--
INFO: Run Behavior\BuildLiteBehavior [ RunTime:0.000011s ]
INFO: [ app_init ] --END-- [ RunTime:0.000360s ]
INFO: [ app_begin ] --START--
INFO: Run Behavior\ReadHtmlCacheBehavior [ RunTime:0.000523s ]
INFO: [ app_begin ] --END-- [ RunTime:0.000556s ]
SQL: SHOW COLUMNS FROM `fi_discount` [ RunTime:0.0330s ]
SQL: SELECT COUNT(*) AS tp_count FROM `fi_discount` LIMIT 1   [ RunTime:0.0002s ]
SQL: SELECT * FROM `fi_discount` ORDER BY add_time desc LIMIT 0,10   [ RunTime:0.0004s ]
INFO: [ app_end ] --START--
INFO: Run Behavior\ShowPageTraceBehavior [ RunTime:0.000760s ]
INFO: [ app_end ] --END-- [ RunTime:0.000796s ]

[ 2017-11-22T17:07:36+08:00 ] 127.0.0.1 /finance/index.php/Admin/Index/index.html
INFO: [ app_init ] --START--
INFO: Run Behavior\BuildLiteBehavior [ RunTime:0.000023s ]
INFO: [ app_init ] --END-- [ RunTime:0.000726s ]
INFO: [ app_begin ] --START--
INFO: Run Behavior\ReadHtmlCacheBehavior [ RunTime:0.000947s ]
INFO: [ app_begin ] --END-- [ RunTime:0.001026s ]
INFO: [ app_end ] --START--
INFO: Run Behavior\ShowPageTraceBehavior [ RunTime:0.001053s ]
INFO: [ app_end ] --END-- [ RunTime:0.001136s ]

[ 2017-11-22T17:07:36+08:00 ] 127.0.0.1 /finance/index.php/Admin/Order/showList.html
INFO: [ app_init ] --START--
INFO: Run Behavior\BuildLiteBehavior [ RunTime:0.000020s ]
INFO: [ app_init ] --END-- [ RunTime:0.000639s ]
INFO: [ app_begin ] --START--
INFO: Run Behavior\ReadHtmlCacheBehavior [ RunTime:0.001422s ]
INFO: [ app_begin ] --END-- [ RunTime:0.001671s ]
NOTIC: [2048] Declaration of Admin\Controller\OrderController::show() should be compatible with Think\Controller::show($content, $charset = '', $contentType = '', $prefix = '') D:\database\Project\working\company\finance\App\Admin\Controller\OrderController.class.php 第 19 行.
INFO: [ view_parse ] --START--
INFO: [ template_filter ] --START--
INFO: Run Behavior\ContentReplaceBehavior [ RunTime:0.000099s ]
INFO: [ template_filter ] --END-- [ RunTime:0.000141s ]
INFO: Run Behavior\ParseTemplateBehavior [ RunTime:0.005981s ]
INFO: [ view_parse ] --END-- [ RunTime:0.006031s ]
INFO: [ view_filter ] --START--
INFO: Run Behavior\WriteHtmlCacheBehavior [ RunTime:0.000458s ]
INFO: [ view_filter ] --END-- [ RunTime:0.000489s ]
INFO: [ app_end ] --START--
INFO: Run Behavior\ShowPageTraceBehavior [ RunTime:0.001028s ]
INFO: [ app_end ] --END-- [ RunTime:0.001104s ]

[ 2017-11-22T17:07:37+08:00 ] 127.0.0.1 /finance/index.php/Admin/Order/getList?page=1&limit=5
INFO: [ app_init ] --START--
INFO: Run Behavior\BuildLiteBehavior [ RunTime:0.000012s ]
INFO: [ app_init ] --END-- [ RunTime:0.000379s ]
INFO: [ app_begin ] --START--
INFO: Run Behavior\ReadHtmlCacheBehavior [ RunTime:0.000701s ]
INFO: [ app_begin ] --END-- [ RunTime:0.000753s ]
NOTIC: [2048] Declaration of Admin\Controller\OrderController::show() should be compatible with Think\Controller::show($content, $charset = '', $contentType = '', $prefix = '') D:\database\Project\working\company\finance\App\Admin\Controller\OrderController.class.php 第 19 行.
SQL: SHOW COLUMNS FROM `fi_order` [ RunTime:0.0369s ]
SQL: SELECT COUNT(*) AS tp_count FROM `fi_order` LIMIT 1   [ RunTime:0.0002s ]
SQL: SELECT * FROM `fi_order` ORDER BY add_time desc LIMIT 0,5   [ RunTime:0.0003s ]
INFO: [ app_end ] --START--
INFO: Run Behavior\ShowPageTraceBehavior [ RunTime:0.000899s ]
INFO: [ app_end ] --END-- [ RunTime:0.000946s ]

[ 2017-11-22T17:07:39+08:00 ] 127.0.0.1 /finance/index.php/Admin/Order/printXls/order/'201711210608132656','201711210551297991','201711210414522639'
INFO: [ app_init ] --START--
INFO: Run Behavior\BuildLiteBehavior [ RunTime:0.000010s ]
INFO: [ app_init ] --END-- [ RunTime:0.000479s ]
INFO: [ app_begin ] --START--
INFO: Run Behavior\ReadHtmlCacheBehavior [ RunTime:0.000719s ]
INFO: [ app_begin ] --END-- [ RunTime:0.000774s ]
NOTIC: [2048] Declaration of Admin\Controller\OrderController::show() should be compatible with Think\Controller::show($content, $charset = '', $contentType = '', $prefix = '') D:\database\Project\working\company\finance\App\Admin\Controller\OrderController.class.php 第 19 行.
SQL: SHOW COLUMNS FROM `fi_order` [ RunTime:0.0009s ]
INFO: [ app_end ] --START--
INFO: Run Behavior\ShowPageTraceBehavior [ RunTime:0.000759s ]
INFO: [ app_end ] --END-- [ RunTime:0.000796s ]

[ 2017-11-22T17:07:44+08:00 ] 127.0.0.1 /finance/index.php/Admin/Order/getList?page=1&limit=5
INFO: [ app_init ] --START--
INFO: Run Behavior\BuildLiteBehavior [ RunTime:0.000017s ]
INFO: [ app_init ] --END-- [ RunTime:0.000438s ]
INFO: [ app_begin ] --START--
INFO: Run Behavior\ReadHtmlCacheBehavior [ RunTime:0.000563s ]
INFO: [ app_begin ] --END-- [ RunTime:0.000602s ]
NOTIC: [2048] Declaration of Admin\Controller\OrderController::show() should be compatible with Think\Controller::show($content, $charset = '', $contentType = '', $prefix = '') D:\database\Project\working\company\finance\App\Admin\Controller\OrderController.class.php 第 19 行.
SQL: SHOW COLUMNS FROM `fi_order` [ RunTime:0.0009s ]
SQL: SELECT COUNT(*) AS tp_count FROM `fi_order` LIMIT 1   [ RunTime:0.0002s ]
SQL: SELECT * FROM `fi_order` ORDER BY add_time desc LIMIT 0,5   [ RunTime:0.0003s ]
INFO: [ app_end ] --START--
INFO: Run Behavior\ShowPageTraceBehavior [ RunTime:0.000679s ]
INFO: [ app_end ] --END-- [ RunTime:0.000714s ]

[ 2017-11-22T17:09:09+08:00 ] 127.0.0.1 /finance/index.php/Admin/Index/index.html
INFO: [ app_init ] --START--
INFO: Run Behavior\BuildLiteBehavior [ RunTime:0.000018s ]
INFO: [ app_init ] --END-- [ RunTime:0.000566s ]
INFO: [ app_begin ] --START--
INFO: Run Behavior\ReadHtmlCacheBehavior [ RunTime:0.000823s ]
INFO: [ app_begin ] --END-- [ RunTime:0.000898s ]
INFO: [ app_end ] --START--
INFO: Run Behavior\ShowPageTraceBehavior [ RunTime:0.001080s ]
INFO: [ app_end ] --END-- [ RunTime:0.001179s ]

[ 2017-11-22T17:09:09+08:00 ] 127.0.0.1 /finance/index.php/Admin/Discount/showList.html
INFO: [ app_init ] --START--
INFO: Run Behavior\BuildLiteBehavior [ RunTime:0.000023s ]
INFO: [ app_init ] --END-- [ RunTime:0.001224s ]
INFO: [ app_begin ] --START--
INFO: Run Behavior\ReadHtmlCacheBehavior [ RunTime:0.000573s ]
INFO: [ app_begin ] --END-- [ RunTime:0.000621s ]
INFO: [ view_parse ] --START--
INFO: [ template_filter ] --START--
INFO: Run Behavior\ContentReplaceBehavior [ RunTime:0.000094s ]
INFO: [ template_filter ] --END-- [ RunTime:0.000139s ]
INFO: Run Behavior\ParseTemplateBehavior [ RunTime:0.007053s ]
INFO: [ view_parse ] --END-- [ RunTime:0.007110s ]
INFO: [ view_filter ] --START--
INFO: Run Behavior\WriteHtmlCacheBehavior [ RunTime:0.000657s ]
INFO: [ view_filter ] --END-- [ RunTime:0.000700s ]
INFO: [ app_end ] --START--
INFO: Run Behavior\ShowPageTraceBehavior [ RunTime:0.000846s ]
INFO: [ app_end ] --END-- [ RunTime:0.000912s ]

[ 2017-11-22T17:09:09+08:00 ] 127.0.0.1 /finance/index.php/Admin/Discount/getList?page=1&limit=10
INFO: [ app_init ] --START--
INFO: Run Behavior\BuildLiteBehavior [ RunTime:0.000012s ]
INFO: [ app_init ] --END-- [ RunTime:0.000407s ]
INFO: [ app_begin ] --START--
INFO: Run Behavior\ReadHtmlCacheBehavior [ RunTime:0.000694s ]
INFO: [ app_begin ] --END-- [ RunTime:0.000757s ]
SQL: SHOW COLUMNS FROM `fi_discount` [ RunTime:0.0009s ]
SQL: SELECT COUNT(*) AS tp_count FROM `fi_discount` LIMIT 1   [ RunTime:0.0001s ]
SQL: SELECT * FROM `fi_discount` ORDER BY add_time desc LIMIT 0,10   [ RunTime:0.0003s ]
INFO: [ app_end ] --START--
INFO: Run Behavior\ShowPageTraceBehavior [ RunTime:0.000657s ]
INFO: [ app_end ] --END-- [ RunTime:0.000690s ]

[ 2017-11-22T17:09:10+08:00 ] 127.0.0.1 /finance/index.php/Admin/Index/index.html
INFO: [ app_init ] --START--
INFO: Run Behavior\BuildLiteBehavior [ RunTime:0.000011s ]
INFO: [ app_init ] --END-- [ RunTime:0.000461s ]
INFO: [ app_begin ] --START--
INFO: Run Behavior\ReadHtmlCacheBehavior [ RunTime:0.000585s ]
INFO: [ app_begin ] --END-- [ RunTime:0.000628s ]
INFO: [ app_end ] --START--
INFO: Run Behavior\ShowPageTraceBehavior [ RunTime:0.000974s ]
INFO: [ app_end ] --END-- [ RunTime:0.001057s ]

[ 2017-11-22T17:09:10+08:00 ] 127.0.0.1 /finance/index.php/Admin/Order/showList.html
INFO: [ app_init ] --START--
INFO: Run Behavior\BuildLiteBehavior [ RunTime:0.000019s ]
INFO: [ app_init ] --END-- [ RunTime:0.000627s ]
INFO: [ app_begin ] --START--
INFO: Run Behavior\ReadHtmlCacheBehavior [ RunTime:0.001141s ]
INFO: [ app_begin ] --END-- [ RunTime:0.001221s ]
NOTIC: [2048] Declaration of Admin\Controller\OrderController::show() should be compatible with Think\Controller::show($content, $charset = '', $contentType = '', $prefix = '') D:\database\Project\working\company\finance\App\Admin\Controller\OrderController.class.php 第 19 行.
INFO: [ view_parse ] --START--
INFO: [ template_filter ] --START--
INFO: Run Behavior\ContentReplaceBehavior [ RunTime:0.000100s ]
INFO: [ template_filter ] --END-- [ RunTime:0.000145s ]
INFO: Run Behavior\ParseTemplateBehavior [ RunTime:0.006303s ]
INFO: [ view_parse ] --END-- [ RunTime:0.006356s ]
INFO: [ view_filter ] --START--
INFO: Run Behavior\WriteHtmlCacheBehavior [ RunTime:0.000480s ]
INFO: [ view_filter ] --END-- [ RunTime:0.000517s ]
INFO: [ app_end ] --START--
INFO: Run Behavior\ShowPageTraceBehavior [ RunTime:0.001001s ]
INFO: [ app_end ] --END-- [ RunTime:0.001070s ]

[ 2017-11-22T17:09:10+08:00 ] 127.0.0.1 /finance/index.php/Admin/Order/getList?page=1&limit=5
INFO: [ app_init ] --START--
INFO: Run Behavior\BuildLiteBehavior [ RunTime:0.000011s ]
INFO: [ app_init ] --END-- [ RunTime:0.000379s ]
INFO: [ app_begin ] --START--
INFO: Run Behavior\ReadHtmlCacheBehavior [ RunTime:0.000525s ]
INFO: [ app_begin ] --END-- [ RunTime:0.000556s ]
NOTIC: [2048] Declaration of Admin\Controller\OrderController::show() should be compatible with Think\Controller::show($content, $charset = '', $contentType = '', $prefix = '') D:\database\Project\working\company\finance\App\Admin\Controller\OrderController.class.php 第 19 行.
SQL: SHOW COLUMNS FROM `fi_order` [ RunTime:0.0008s ]
SQL: SELECT COUNT(*) AS tp_count FROM `fi_order` LIMIT 1   [ RunTime:0.0001s ]
SQL: SELECT * FROM `fi_order` ORDER BY add_time desc LIMIT 0,5   [ RunTime:0.0002s ]
INFO: [ app_end ] --START--
INFO: Run Behavior\ShowPageTraceBehavior [ RunTime:0.000653s ]
INFO: [ app_end ] --END-- [ RunTime:0.000685s ]

[ 2017-11-22T17:09:12+08:00 ] 127.0.0.1 /finance/index.php/Admin/Index/index.html
INFO: [ app_init ] --START--
INFO: Run Behavior\BuildLiteBehavior [ RunTime:0.000020s ]
INFO: [ app_init ] --END-- [ RunTime:0.000946s ]
INFO: [ app_begin ] --START--
INFO: Run Behavior\ReadHtmlCacheBehavior [ RunTime:0.000677s ]
INFO: [ app_begin ] --END-- [ RunTime:0.000723s ]
INFO: [ app_end ] --START--
INFO: Run Behavior\ShowPageTraceBehavior [ RunTime:0.000648s ]
INFO: [ app_end ] --END-- [ RunTime:0.000682s ]

[ 2017-11-22T17:09:12+08:00 ] 127.0.0.1 /finance/index.php/Admin/Discount/showList.html
INFO: [ app_init ] --START--
INFO: Run Behavior\BuildLiteBehavior [ RunTime:0.000012s ]
INFO: [ app_init ] --END-- [ RunTime:0.000379s ]
INFO: [ app_begin ] --START--
INFO: Run Behavior\ReadHtmlCacheBehavior [ RunTime:0.002320s ]
INFO: [ app_begin ] --END-- [ RunTime:0.002583s ]
INFO: [ view_parse ] --START--
INFO: [ template_filter ] --START--
INFO: Run Behavior\ContentReplaceBehavior [ RunTime:0.000094s ]
INFO: [ template_filter ] --END-- [ RunTime:0.000141s ]
INFO: Run Behavior\ParseTemplateBehavior [ RunTime:0.006106s ]
INFO: [ view_parse ] --END-- [ RunTime:0.006159s ]
INFO: [ view_filter ] --START--
INFO: Run Behavior\WriteHtmlCacheBehavior [ RunTime:0.000602s ]
INFO: [ view_filter ] --END-- [ RunTime:0.000644s ]
INFO: [ app_end ] --START--
INFO: Run Behavior\ShowPageTraceBehavior [ RunTime:0.001098s ]
INFO: [ app_end ] --END-- [ RunTime:0.001180s ]

[ 2017-11-22T17:09:12+08:00 ] 127.0.0.1 /finance/index.php/Admin/Discount/getList?page=1&limit=10
INFO: [ app_init ] --START--
INFO: Run Behavior\BuildLiteBehavior [ RunTime:0.000014s ]
INFO: [ app_init ] --END-- [ RunTime:0.001192s ]
INFO: [ app_begin ] --START--
INFO: Run Behavior\ReadHtmlCacheBehavior [ RunTime:0.000858s ]
INFO: [ app_begin ] --END-- [ RunTime:0.000939s ]
SQL: SHOW COLUMNS FROM `fi_discount` [ RunTime:0.0014s ]
SQL: SELECT COUNT(*) AS tp_count FROM `fi_discount` LIMIT 1   [ RunTime:0.0003s ]
SQL: SELECT * FROM `fi_discount` ORDER BY add_time desc LIMIT 0,10   [ RunTime:0.0005s ]
INFO: [ app_end ] --START--
INFO: Run Behavior\ShowPageTraceBehavior [ RunTime:0.000882s ]
INFO: [ app_end ] --END-- [ RunTime:0.000923s ]

[ 2017-11-22T17:09:12+08:00 ] 127.0.0.1 /finance/index.php/Admin/Index/index.html
INFO: [ app_init ] --START--
INFO: Run Behavior\BuildLiteBehavior [ RunTime:0.000017s ]
INFO: [ app_init ] --END-- [ RunTime:0.000550s ]
INFO: [ app_begin ] --START--
INFO: Run Behavior\ReadHtmlCacheBehavior [ RunTime:0.000964s ]
INFO: [ app_begin ] --END-- [ RunTime:0.001049s ]
INFO: [ app_end ] --START--
INFO: Run Behavior\ShowPageTraceBehavior [ RunTime:0.001150s ]
INFO: [ app_end ] --END-- [ RunTime:0.001233s ]

[ 2017-11-22T17:09:12+08:00 ] 127.0.0.1 /finance/index.php/Admin/Order/showList.html
INFO: [ app_init ] --START--
INFO: Run Behavior\BuildLiteBehavior [ RunTime:0.000018s ]
INFO: [ app_init ] --END-- [ RunTime:0.000636s ]
INFO: [ app_begin ] --START--
INFO: Run Behavior\ReadHtmlCacheBehavior [ RunTime:0.000870s ]
INFO: [ app_begin ] --END-- [ RunTime:0.000956s ]
NOTIC: [2048] Declaration of Admin\Controller\OrderController::show() should be compatible with Think\Controller::show($content, $charset = '', $contentType = '', $prefix = '') D:\database\Project\working\company\finance\App\Admin\Controller\OrderController.class.php 第 19 行.
INFO: [ view_parse ] --START--
INFO: [ template_filter ] --START--
INFO: Run Behavior\ContentReplaceBehavior [ RunTime:0.000094s ]
INFO: [ template_filter ] --END-- [ RunTime:0.000132s ]
INFO: Run Behavior\ParseTemplateBehavior [ RunTime:0.005616s ]
INFO: [ view_parse ] --END-- [ RunTime:0.005658s ]
INFO: [ view_filter ] --START--
INFO: Run Behavior\WriteHtmlCacheBehavior [ RunTime:0.000409s ]
INFO: [ view_filter ] --END-- [ RunTime:0.000438s ]
INFO: [ app_end ] --START--
INFO: Run Behavior\ShowPageTraceBehavior [ RunTime:0.000915s ]
INFO: [ app_end ] --END-- [ RunTime:0.000977s ]

[ 2017-11-22T17:09:12+08:00 ] 127.0.0.1 /finance/index.php/Admin/Order/getList?page=1&limit=5
INFO: [ app_init ] --START--
INFO: Run Behavior\BuildLiteBehavior [ RunTime:0.000026s ]
INFO: [ app_init ] --END-- [ RunTime:0.000595s ]
INFO: [ app_begin ] --START--
INFO: Run Behavior\ReadHtmlCacheBehavior [ RunTime:0.000625s ]
INFO: [ app_begin ] --END-- [ RunTime:0.000677s ]
NOTIC: [2048] Declaration of Admin\Controller\OrderController::show() should be compatible with Think\Controller::show($content, $charset = '', $contentType = '', $prefix = '') D:\database\Project\working\company\finance\App\Admin\Controller\OrderController.class.php 第 19 行.
SQL: SHOW COLUMNS FROM `fi_order` [ RunTime:0.0009s ]
SQL: SELECT COUNT(*) AS tp_count FROM `fi_order` LIMIT 1   [ RunTime:0.0001s ]
SQL: SELECT * FROM `fi_order` ORDER BY add_time desc LIMIT 0,5   [ RunTime:0.0002s ]
INFO: [ app_end ] --START--
INFO: Run Behavior\ShowPageTraceBehavior [ RunTime:0.000798s ]
INFO: [ app_end ] --END-- [ RunTime:0.000852s ]

[ 2017-11-22T17:09:24+08:00 ] 127.0.0.1 /finance/index.php/Admin/Index/index.html
INFO: [ app_init ] --START--
INFO: Run Behavior\BuildLiteBehavior [ RunTime:0.000013s ]
INFO: [ app_init ] --END-- [ RunTime:0.000470s ]
INFO: [ app_begin ] --START--
INFO: Run Behavior\ReadHtmlCacheBehavior [ RunTime:0.000680s ]
INFO: [ app_begin ] --END-- [ RunTime:0.000731s ]
INFO: [ view_parse ] --START--
INFO: [ template_filter ] --START--
INFO: Run Behavior\ContentReplaceBehavior [ RunTime:0.000061s ]
INFO: [ template_filter ] --END-- [ RunTime:0.000104s ]
INFO: Run Behavior\ParseTemplateBehavior [ RunTime:0.005941s ]
INFO: [ view_parse ] --END-- [ RunTime:0.005996s ]
INFO: [ view_filter ] --START--
INFO: Run Behavior\WriteHtmlCacheBehavior [ RunTime:0.000584s ]
INFO: [ view_filter ] --END-- [ RunTime:0.000627s ]
INFO: [ app_end ] --START--
INFO: Run Behavior\ShowPageTraceBehavior [ RunTime:0.000775s ]
INFO: [ app_end ] --END-- [ RunTime:0.000824s ]

[ 2017-11-22T17:09:24+08:00 ] 127.0.0.1 /finance/index.php/Admin/Order/showList.html
INFO: [ app_init ] --START--
INFO: Run Behavior\BuildLiteBehavior [ RunTime:0.000015s ]
INFO: [ app_init ] --END-- [ RunTime:0.000584s ]
INFO: [ app_begin ] --START--
INFO: Run Behavior\ReadHtmlCacheBehavior [ RunTime:0.000616s ]
INFO: [ app_begin ] --END-- [ RunTime:0.000667s ]
NOTIC: [2048] Declaration of Admin\Controller\OrderController::show() should be compatible with Think\Controller::show($content, $charset = '', $contentType = '', $prefix = '') D:\database\Project\working\company\finance\App\Admin\Controller\OrderController.class.php 第 19 行.
INFO: [ view_parse ] --START--
INFO: [ template_filter ] --START--
INFO: Run Behavior\ContentReplaceBehavior [ RunTime:0.000128s ]
INFO: [ template_filter ] --END-- [ RunTime:0.000186s ]
INFO: Run Behavior\ParseTemplateBehavior [ RunTime:0.008217s ]
INFO: [ view_parse ] --END-- [ RunTime:0.008287s ]
INFO: [ view_filter ] --START--
INFO: Run Behavior\WriteHtmlCacheBehavior [ RunTime:0.000727s ]
INFO: [ view_filter ] --END-- [ RunTime:0.000787s ]
INFO: [ app_end ] --START--
INFO: Run Behavior\ShowPageTraceBehavior [ RunTime:0.001117s ]
INFO: [ app_end ] --END-- [ RunTime:0.001205s ]

[ 2017-11-22T17:09:24+08:00 ] 127.0.0.1 /finance/index.php/Admin/Order/getList?page=1&limit=5
INFO: [ app_init ] --START--
INFO: Run Behavior\BuildLiteBehavior [ RunTime:0.000011s ]
INFO: [ app_init ] --END-- [ RunTime:0.000358s ]
INFO: [ app_begin ] --START--
INFO: Run Behavior\ReadHtmlCacheBehavior [ RunTime:0.000527s ]
INFO: [ app_begin ] --END-- [ RunTime:0.000559s ]
NOTIC: [2048] Declaration of Admin\Controller\OrderController::show() should be compatible with Think\Controller::show($content, $charset = '', $contentType = '', $prefix = '') D:\database\Project\working\company\finance\App\Admin\Controller\OrderController.class.php 第 19 行.
SQL: SHOW COLUMNS FROM `fi_order` [ RunTime:0.0009s ]
SQL: SELECT COUNT(*) AS tp_count FROM `fi_order` LIMIT 1   [ RunTime:0.0001s ]
SQL: SELECT * FROM `fi_order` ORDER BY add_time desc LIMIT 0,5   [ RunTime:0.0002s ]
INFO: [ app_end ] --START--
INFO: Run Behavior\ShowPageTraceBehavior [ RunTime:0.000658s ]
INFO: [ app_end ] --END-- [ RunTime:0.000690s ]

[ 2017-11-22T17:09:25+08:00 ] 127.0.0.1 /finance/index.php/Admin/Order/printXls/order/'201711210608132656','201711210551297991','201711210414522639'
INFO: [ app_init ] --START--
INFO: Run Behavior\BuildLiteBehavior [ RunTime:0.000011s ]
INFO: [ app_init ] --END-- [ RunTime:0.000585s ]
INFO: [ app_begin ] --START--
INFO: Run Behavior\ReadHtmlCacheBehavior [ RunTime:0.000625s ]
INFO: [ app_begin ] --END-- [ RunTime:0.000661s ]
NOTIC: [2048] Declaration of Admin\Controller\OrderController::show() should be compatible with Think\Controller::show($content, $charset = '', $contentType = '', $prefix = '') D:\database\Project\working\company\finance\App\Admin\Controller\OrderController.class.php 第 19 行.
NOTIC: [8] Undefined variable: discount_code_id D:\database\Project\working\company\finance\App\Admin\Controller\OrderController.class.php 第 178 行.
SQL: SHOW COLUMNS FROM `fi_order` [ RunTime:0.0011s ]
SQL: SELECT * FROM `fi_order`  [ RunTime:0.0003s ]
INFO: [ app_end ] --START--
INFO: Run Behavior\ShowPageTraceBehavior [ RunTime:0.000749s ]
INFO: [ app_end ] --END-- [ RunTime:0.000785s ]

[ 2017-11-22T17:09:30+08:00 ] 127.0.0.1 /finance/index.php/Admin/Index/index.html
INFO: [ app_init ] --START--
INFO: Run Behavior\BuildLiteBehavior [ RunTime:0.000010s ]
INFO: [ app_init ] --END-- [ RunTime:0.000442s ]
INFO: [ app_begin ] --START--
INFO: Run Behavior\ReadHtmlCacheBehavior [ RunTime:0.000919s ]
INFO: [ app_begin ] --END-- [ RunTime:0.000984s ]
INFO: [ view_parse ] --START--
INFO: [ template_filter ] --START--
INFO: Run Behavior\ContentReplaceBehavior [ RunTime:0.000095s ]
INFO: [ template_filter ] --END-- [ RunTime:0.000143s ]
INFO: Run Behavior\ParseTemplateBehavior [ RunTime:0.005951s ]
INFO: [ view_parse ] --END-- [ RunTime:0.006009s ]
INFO: [ view_filter ] --START--
INFO: Run Behavior\WriteHtmlCacheBehavior [ RunTime:0.000717s ]
INFO: [ view_filter ] --END-- [ RunTime:0.000772s ]
INFO: [ app_end ] --START--
INFO: Run Behavior\ShowPageTraceBehavior [ RunTime:0.000676s ]
INFO: [ app_end ] --END-- [ RunTime:0.000713s ]

[ 2017-11-22T17:09:30+08:00 ] 127.0.0.1 /finance/index.php/Admin/Order/showList.html
INFO: [ app_init ] --START--
INFO: Run Behavior\BuildLiteBehavior [ RunTime:0.000011s ]
INFO: [ app_init ] --END-- [ RunTime:0.000509s ]
INFO: [ app_begin ] --START--
INFO: Run Behavior\ReadHtmlCacheBehavior [ RunTime:0.000657s ]
INFO: [ app_begin ] --END-- [ RunTime:0.000696s ]
NOTIC: [2048] Declaration of Admin\Controller\OrderController::show() should be compatible with Think\Controller::show($content, $charset = '', $contentType = '', $prefix = '') D:\database\Project\working\company\finance\App\Admin\Controller\OrderController.class.php 第 19 行.
INFO: [ view_parse ] --START--
INFO: [ template_filter ] --START--
INFO: Run Behavior\ContentReplaceBehavior [ RunTime:0.000180s ]
INFO: [ template_filter ] --END-- [ RunTime:0.000242s ]
INFO: Run Behavior\ParseTemplateBehavior [ RunTime:0.006992s ]
INFO: [ view_parse ] --END-- [ RunTime:0.007060s ]
INFO: [ view_filter ] --START--
INFO: Run Behavior\WriteHtmlCacheBehavior [ RunTime:0.000672s ]
INFO: [ view_filter ] --END-- [ RunTime:0.000723s ]
INFO: [ app_end ] --START--
INFO: Run Behavior\ShowPageTraceBehavior [ RunTime:0.001907s ]
INFO: [ app_end ] --END-- [ RunTime:0.002101s ]

[ 2017-11-22T17:09:30+08:00 ] 127.0.0.1 /finance/index.php/Admin/Order/getList?page=1&limit=5
INFO: [ app_init ] --START--
INFO: Run Behavior\BuildLiteBehavior [ RunTime:0.000011s ]
INFO: [ app_init ] --END-- [ RunTime:0.000354s ]
INFO: [ app_begin ] --START--
INFO: Run Behavior\ReadHtmlCacheBehavior [ RunTime:0.000615s ]
INFO: [ app_begin ] --END-- [ RunTime:0.000665s ]
NOTIC: [2048] Declaration of Admin\Controller\OrderController::show() should be compatible with Think\Controller::show($content, $charset = '', $contentType = '', $prefix = '') D:\database\Project\working\company\finance\App\Admin\Controller\OrderController.class.php 第 19 行.
SQL: SHOW COLUMNS FROM `fi_order` [ RunTime:0.0020s ]
SQL: SELECT COUNT(*) AS tp_count FROM `fi_order` LIMIT 1   [ RunTime:0.0003s ]
SQL: SELECT * FROM `fi_order` ORDER BY add_time desc LIMIT 0,5   [ RunTime:0.0003s ]
INFO: [ app_end ] --START--
INFO: Run Behavior\ShowPageTraceBehavior [ RunTime:0.000705s ]
INFO: [ app_end ] --END-- [ RunTime:0.000743s ]

[ 2017-11-22T17:09:31+08:00 ] 127.0.0.1 /finance/index.php/Admin/Order/printXls/order/'201711210608132656','201711210551297991','201711210414522639'
INFO: [ app_init ] --START--
INFO: Run Behavior\BuildLiteBehavior [ RunTime:0.000012s ]
INFO: [ app_init ] --END-- [ RunTime:0.000621s ]
INFO: [ app_begin ] --START--
INFO: Run Behavior\ReadHtmlCacheBehavior [ RunTime:0.000634s ]
INFO: [ app_begin ] --END-- [ RunTime:0.000669s ]
NOTIC: [2048] Declaration of Admin\Controller\OrderController::show() should be compatible with Think\Controller::show($content, $charset = '', $contentType = '', $prefix = '') D:\database\Project\working\company\finance\App\Admin\Controller\OrderController.class.php 第 19 行.
NOTIC: [8] Undefined variable: discount_code_id D:\database\Project\working\company\finance\App\Admin\Controller\OrderController.class.php 第 178 行.
SQL: SHOW COLUMNS FROM `fi_order` [ RunTime:0.0009s ]
SQL: SELECT * FROM `fi_order`  [ RunTime:0.0003s ]
INFO: [ app_end ] --START--
INFO: Run Behavior\ShowPageTraceBehavior [ RunTime:0.000760s ]
INFO: [ app_end ] --END-- [ RunTime:0.000795s ]

[ 2017-11-22T17:09:33+08:00 ] 127.0.0.1 /finance/index.php/Admin/Order/printXls/order/'201711210608132656','201711210551297991','201711210414522639'
INFO: [ app_init ] --START--
INFO: Run Behavior\BuildLiteBehavior [ RunTime:0.000014s ]
INFO: [ app_init ] --END-- [ RunTime:0.000561s ]
INFO: [ app_begin ] --START--
INFO: Run Behavior\ReadHtmlCacheBehavior [ RunTime:0.000874s ]
INFO: [ app_begin ] --END-- [ RunTime:0.000944s ]
NOTIC: [2048] Declaration of Admin\Controller\OrderController::show() should be compatible with Think\Controller::show($content, $charset = '', $contentType = '', $prefix = '') D:\database\Project\working\company\finance\App\Admin\Controller\OrderController.class.php 第 19 行.
NOTIC: [8] Undefined variable: discount_code_id D:\database\Project\working\company\finance\App\Admin\Controller\OrderController.class.php 第 178 行.
SQL: SHOW COLUMNS FROM `fi_order` [ RunTime:0.0013s ]
SQL: SELECT * FROM `fi_order`  [ RunTime:0.0004s ]
INFO: [ app_end ] --START--
INFO: Run Behavior\ShowPageTraceBehavior [ RunTime:0.001063s ]
INFO: [ app_end ] --END-- [ RunTime:0.001124s ]

[ 2017-11-22T17:09:35+08:00 ] 127.0.0.1 /finance/index.php/Admin/Order/printXls/order/'201711210608132656','201711210551297991','201711210414522639'
INFO: [ app_init ] --START--
INFO: Run Behavior\BuildLiteBehavior [ RunTime:0.000015s ]
INFO: [ app_init ] --END-- [ RunTime:0.000592s ]
INFO: [ app_begin ] --START--
INFO: Run Behavior\ReadHtmlCacheBehavior [ RunTime:0.000917s ]
INFO: [ app_begin ] --END-- [ RunTime:0.000989s ]
NOTIC: [2048] Declaration of Admin\Controller\OrderController::show() should be compatible with Think\Controller::show($content, $charset = '', $contentType = '', $prefix = '') D:\database\Project\working\company\finance\App\Admin\Controller\OrderController.class.php 第 19 行.
NOTIC: [8] Undefined variable: discount_code_id D:\database\Project\working\company\finance\App\Admin\Controller\OrderController.class.php 第 178 行.
SQL: SHOW COLUMNS FROM `fi_order` [ RunTime:0.0013s ]
SQL: SELECT * FROM `fi_order`  [ RunTime:0.0004s ]
INFO: [ app_end ] --START--
INFO: Run Behavior\ShowPageTraceBehavior [ RunTime:0.001090s ]
INFO: [ app_end ] --END-- [ RunTime:0.001167s ]

[ 2017-11-22T17:10:18+08:00 ] 127.0.0.1 /finance/index.php/Admin/Order/printXls/order/'201711210608132656','201711210551297991','201711210414522639'
INFO: [ app_init ] --START--
INFO: Run Behavior\BuildLiteBehavior [ RunTime:0.000011s ]
INFO: [ app_init ] --END-- [ RunTime:0.000390s ]
INFO: [ app_begin ] --START--
INFO: Run Behavior\ReadHtmlCacheBehavior [ RunTime:0.000548s ]
INFO: [ app_begin ] --END-- [ RunTime:0.000584s ]
NOTIC: [2048] Declaration of Admin\Controller\OrderController::show() should be compatible with Think\Controller::show($content, $charset = '', $contentType = '', $prefix = '') D:\database\Project\working\company\finance\App\Admin\Controller\OrderController.class.php 第 19 行.
SQL: SHOW COLUMNS FROM `fi_order` [ RunTime:0.0011s ]
SQL: SELECT * FROM `fi_order` WHERE ( order_id in('201711210608132656','201711210551297991','201711210414522639') )  [ RunTime:0.0004s ]
INFO: [ app_end ] --START--
INFO: Run Behavior\ShowPageTraceBehavior [ RunTime:0.000687s ]
INFO: [ app_end ] --END-- [ RunTime:0.000729s ]

[ 2017-11-22T17:12:23+08:00 ] 127.0.0.1 /finance/index.php/Admin/Order/printXls/order/'201711210608132656','201711210551297991','201711210414522639'
INFO: [ app_init ] --START--
INFO: Run Behavior\BuildLiteBehavior [ RunTime:0.000016s ]
INFO: [ app_init ] --END-- [ RunTime:0.000570s ]
INFO: [ app_begin ] --START--
INFO: Run Behavior\ReadHtmlCacheBehavior [ RunTime:0.000610s ]
INFO: [ app_begin ] --END-- [ RunTime:0.000666s ]
NOTIC: [2048] Declaration of Admin\Controller\OrderController::show() should be compatible with Think\Controller::show($content, $charset = '', $contentType = '', $prefix = '') D:\database\Project\working\company\finance\App\Admin\Controller\OrderController.class.php 第 19 行.
SQL: SHOW COLUMNS FROM `fi_order` [ RunTime:0.0005s ]
SQL: SHOW COLUMNS FROM `fi_order` [ RunTime:0.0005s ]
ERR: 1052:Column 'order_id' in where clause is ambiguous
 [ SQL语句 ] : SELECT t1.*,t2.* FROM fi_order as t1,fi_order_info as t2 WHERE ( order_id in('201711210608132656','201711210551297991','201711210414522639') ) 
ERR: 1052:Column 'order_id' in where clause is ambiguous
 [ SQL语句 ] : SELECT t1.*,t2.* FROM fi_order as t1,fi_order_info as t2 WHERE ( order_id in('201711210608132656','201711210551297991','201711210414522639') ) 

[ 2017-11-22T17:12:38+08:00 ] 127.0.0.1 /finance/index.php/Admin/Order/printXls/order/'201711210608132656','201711210551297991','201711210414522639'
INFO: [ app_init ] --START--
INFO: Run Behavior\BuildLiteBehavior [ RunTime:0.000011s ]
INFO: [ app_init ] --END-- [ RunTime:0.000356s ]
INFO: [ app_begin ] --START--
INFO: Run Behavior\ReadHtmlCacheBehavior [ RunTime:0.000608s ]
INFO: [ app_begin ] --END-- [ RunTime:0.000657s ]
NOTIC: [2048] Declaration of Admin\Controller\OrderController::show() should be compatible with Think\Controller::show($content, $charset = '', $contentType = '', $prefix = '') D:\database\Project\working\company\finance\App\Admin\Controller\OrderController.class.php 第 19 行.
SQL: SHOW COLUMNS FROM `fi_order` [ RunTime:0.0010s ]
SQL: SHOW COLUMNS FROM `fi_order` [ RunTime:0.0005s ]
ERR: 1052:Column 'order_id' in where clause is ambiguous
 [ SQL语句 ] : SELECT t1.*,t2.* FROM fi_order as t1,fi_order_info as t2 WHERE ( order_id in('201711210608132656','201711210551297991','201711210414522639') ) 
ERR: 1052:Column 'order_id' in where clause is ambiguous
 [ SQL语句 ] : SELECT t1.*,t2.* FROM fi_order as t1,fi_order_info as t2 WHERE ( order_id in('201711210608132656','201711210551297991','201711210414522639') ) 

[ 2017-11-22T17:12:39+08:00 ] 127.0.0.1 /finance/index.php/Admin/Order/printXls/order/'201711210608132656','201711210551297991','201711210414522639'
INFO: [ app_init ] --START--
INFO: Run Behavior\BuildLiteBehavior [ RunTime:0.000010s ]
INFO: [ app_init ] --END-- [ RunTime:0.000429s ]
INFO: [ app_begin ] --START--
INFO: Run Behavior\ReadHtmlCacheBehavior [ RunTime:0.000614s ]
INFO: [ app_begin ] --END-- [ RunTime:0.000648s ]
NOTIC: [2048] Declaration of Admin\Controller\OrderController::show() should be compatible with Think\Controller::show($content, $charset = '', $contentType = '', $prefix = '') D:\database\Project\working\company\finance\App\Admin\Controller\OrderController.class.php 第 19 行.
SQL: SHOW COLUMNS FROM `fi_order` [ RunTime:0.0006s ]
SQL: SHOW COLUMNS FROM `fi_order` [ RunTime:0.0005s ]
ERR: 1052:Column 'order_id' in where clause is ambiguous
 [ SQL语句 ] : SELECT t1.*,t2.* FROM fi_order as t1,fi_order_info as t2 WHERE ( order_id in('201711210608132656','201711210551297991','201711210414522639') ) 
ERR: 1052:Column 'order_id' in where clause is ambiguous
 [ SQL语句 ] : SELECT t1.*,t2.* FROM fi_order as t1,fi_order_info as t2 WHERE ( order_id in('201711210608132656','201711210551297991','201711210414522639') ) 

[ 2017-11-22T17:12:47+08:00 ] 127.0.0.1 /finance/index.php/Admin/Order/printXls/order/'201711210608132656','201711210551297991','201711210414522639'
INFO: [ app_init ] --START--
INFO: Run Behavior\BuildLiteBehavior [ RunTime:0.000010s ]
INFO: [ app_init ] --END-- [ RunTime:0.000357s ]
INFO: [ app_begin ] --START--
INFO: Run Behavior\ReadHtmlCacheBehavior [ RunTime:0.000596s ]
INFO: [ app_begin ] --END-- [ RunTime:0.000653s ]
NOTIC: [2048] Declaration of Admin\Controller\OrderController::show() should be compatible with Think\Controller::show($content, $charset = '', $contentType = '', $prefix = '') D:\database\Project\working\company\finance\App\Admin\Controller\OrderController.class.php 第 19 行.
SQL: SHOW COLUMNS FROM `fi_order` [ RunTime:0.0014s ]
SQL: SHOW COLUMNS FROM `fi_order` [ RunTime:0.0007s ]
ERR: 1052:Column 'order_id' in where clause is ambiguous
 [ SQL语句 ] : SELECT t1.*,t2.* FROM fi_order as t1,fi_order_info as t2 WHERE ( order_id in('201711210608132656','201711210551297991','201711210414522639') ) 
ERR: 1052:Column 'order_id' in where clause is ambiguous
 [ SQL语句 ] : SELECT t1.*,t2.* FROM fi_order as t1,fi_order_info as t2 WHERE ( order_id in('201711210608132656','201711210551297991','201711210414522639') ) 

[ 2017-11-22T17:12:47+08:00 ] 127.0.0.1 /finance/index.php/Admin/Order/printXls/order/'201711210608132656','201711210551297991','201711210414522639'
INFO: [ app_init ] --START--
INFO: Run Behavior\BuildLiteBehavior [ RunTime:0.000011s ]
INFO: [ app_init ] --END-- [ RunTime:0.000345s ]
INFO: [ app_begin ] --START--
INFO: Run Behavior\ReadHtmlCacheBehavior [ RunTime:0.000551s ]
INFO: [ app_begin ] --END-- [ RunTime:0.000598s ]
NOTIC: [2048] Declaration of Admin\Controller\OrderController::show() should be compatible with Think\Controller::show($content, $charset = '', $contentType = '', $prefix = '') D:\database\Project\working\company\finance\App\Admin\Controller\OrderController.class.php 第 19 行.
SQL: SHOW COLUMNS FROM `fi_order` [ RunTime:0.0005s ]
SQL: SHOW COLUMNS FROM `fi_order` [ RunTime:0.0004s ]
ERR: 1052:Column 'order_id' in where clause is ambiguous
 [ SQL语句 ] : SELECT t1.*,t2.* FROM fi_order as t1,fi_order_info as t2 WHERE ( order_id in('201711210608132656','201711210551297991','201711210414522639') ) 
ERR: 1052:Column 'order_id' in where clause is ambiguous
 [ SQL语句 ] : SELECT t1.*,t2.* FROM fi_order as t1,fi_order_info as t2 WHERE ( order_id in('201711210608132656','201711210551297991','201711210414522639') ) 

[ 2017-11-22T17:12:47+08:00 ] 127.0.0.1 /finance/index.php/Admin/Order/printXls/order/'201711210608132656','201711210551297991','201711210414522639'
INFO: [ app_init ] --START--
INFO: Run Behavior\BuildLiteBehavior [ RunTime:0.000012s ]
INFO: [ app_init ] --END-- [ RunTime:0.000361s ]
INFO: [ app_begin ] --START--
INFO: Run Behavior\ReadHtmlCacheBehavior [ RunTime:0.000543s ]
INFO: [ app_begin ] --END-- [ RunTime:0.000586s ]
NOTIC: [2048] Declaration of Admin\Controller\OrderController::show() should be compatible with Think\Controller::show($content, $charset = '', $contentType = '', $prefix = '') D:\database\Project\working\company\finance\App\Admin\Controller\OrderController.class.php 第 19 行.
SQL: SHOW COLUMNS FROM `fi_order` [ RunTime:0.0007s ]
SQL: SHOW COLUMNS FROM `fi_order` [ RunTime:0.0006s ]
ERR: 1052:Column 'order_id' in where clause is ambiguous
 [ SQL语句 ] : SELECT t1.*,t2.* FROM fi_order as t1,fi_order_info as t2 WHERE ( order_id in('201711210608132656','201711210551297991','201711210414522639') ) 
ERR: 1052:Column 'order_id' in where clause is ambiguous
 [ SQL语句 ] : SELECT t1.*,t2.* FROM fi_order as t1,fi_order_info as t2 WHERE ( order_id in('201711210608132656','201711210551297991','201711210414522639') ) 

[ 2017-11-22T17:12:50+08:00 ] 127.0.0.1 /finance/index.php/Admin/Order/printXls/order/'201711210608132656','201711210551297991','201711210414522639'
INFO: [ app_init ] --START--
INFO: Run Behavior\BuildLiteBehavior [ RunTime:0.000014s ]
INFO: [ app_init ] --END-- [ RunTime:0.000708s ]
INFO: [ app_begin ] --START--
INFO: Run Behavior\ReadHtmlCacheBehavior [ RunTime:0.000650s ]
INFO: [ app_begin ] --END-- [ RunTime:0.000704s ]
NOTIC: [2048] Declaration of Admin\Controller\OrderController::show() should be compatible with Think\Controller::show($content, $charset = '', $contentType = '', $prefix = '') D:\database\Project\working\company\finance\App\Admin\Controller\OrderController.class.php 第 19 行.
SQL: SHOW COLUMNS FROM `fi_order` [ RunTime:0.0005s ]
SQL: SHOW COLUMNS FROM `fi_order` [ RunTime:0.0004s ]
SQL: SELECT t1.*,t2.* FROM fi_order as t1,fi_order_info as t2 WHERE ( t1.order_id = t2.order_id )  [ RunTime:0.0350s ]
INFO: [ app_end ] --START--
INFO: Run Behavior\ShowPageTraceBehavior [ RunTime:0.000723s ]
INFO: [ app_end ] --END-- [ RunTime:0.000769s ]

[ 2017-11-22T17:13:41+08:00 ] 127.0.0.1 /finance/index.php/Admin/Order/printXls/order/'201711210608132656','201711210551297991','201711210414522639'
INFO: [ app_init ] --START--
INFO: Run Behavior\BuildLiteBehavior [ RunTime:0.000013s ]
INFO: [ app_init ] --END-- [ RunTime:0.000435s ]
INFO: [ app_begin ] --START--
INFO: Run Behavior\ReadHtmlCacheBehavior [ RunTime:0.000679s ]
INFO: [ app_begin ] --END-- [ RunTime:0.000729s ]
NOTIC: [2048] Declaration of Admin\Controller\OrderController::show() should be compatible with Think\Controller::show($content, $charset = '', $contentType = '', $prefix = '') D:\database\Project\working\company\finance\App\Admin\Controller\OrderController.class.php 第 19 行.
SQL: SHOW COLUMNS FROM `fi_order` [ RunTime:0.0007s ]
SQL: SHOW COLUMNS FROM `fi_order` [ RunTime:0.0006s ]
ERR: 1146:Table 'finance.fi_user' doesn't exist
 [ SQL语句 ] : SELECT t1.*,t2.*,t3.* FROM fi_order as t1,fi_order_info as t2,fi_user as t3 WHERE ( t1.order_id = t2.order_id AND t2.user_pid = t3.user_pid ) 
ERR: 1146:Table 'finance.fi_user' doesn't exist
 [ SQL语句 ] : SELECT t1.*,t2.*,t3.* FROM fi_order as t1,fi_order_info as t2,fi_user as t3 WHERE ( t1.order_id = t2.order_id AND t2.user_pid = t3.user_pid ) 

[ 2017-11-22T17:14:05+08:00 ] 127.0.0.1 /finance/index.php/Admin/Order/printXls/order/'201711210608132656','201711210551297991','201711210414522639'
INFO: [ app_init ] --START--
INFO: Run Behavior\BuildLiteBehavior [ RunTime:0.000010s ]
INFO: [ app_init ] --END-- [ RunTime:0.000354s ]
INFO: [ app_begin ] --START--
INFO: Run Behavior\ReadHtmlCacheBehavior [ RunTime:0.000605s ]
INFO: [ app_begin ] --END-- [ RunTime:0.000655s ]
NOTIC: [2048] Declaration of Admin\Controller\OrderController::show() should be compatible with Think\Controller::show($content, $charset = '', $contentType = '', $prefix = '') D:\database\Project\working\company\finance\App\Admin\Controller\OrderController.class.php 第 19 行.
SQL: SHOW COLUMNS FROM `fi_order` [ RunTime:0.0006s ]
SQL: SHOW COLUMNS FROM `fi_order` [ RunTime:0.0004s ]
SQL: SELECT t1.*,t2.*,t3.* FROM fi_order as t1,fi_order_info as t2,fi_sign as t3 WHERE ( t1.order_id = t2.order_id AND t2.user_pid = t3.user_pid )  [ RunTime:0.0011s ]
INFO: [ app_end ] --START--
INFO: Run Behavior\ShowPageTraceBehavior [ RunTime:0.000985s ]
INFO: [ app_end ] --END-- [ RunTime:0.001057s ]

[ 2017-11-22T17:14:22+08:00 ] 127.0.0.1 /finance/index.php/Admin/Order/printXls/order/'201711210608132656','201711210551297991','201711210414522639'
INFO: [ app_init ] --START--
INFO: Run Behavior\BuildLiteBehavior [ RunTime:0.000013s ]
INFO: [ app_init ] --END-- [ RunTime:0.000358s ]
INFO: [ app_begin ] --START--
INFO: Run Behavior\ReadHtmlCacheBehavior [ RunTime:0.000454s ]
INFO: [ app_begin ] --END-- [ RunTime:0.000503s ]
NOTIC: [2048] Declaration of Admin\Controller\OrderController::show() should be compatible with Think\Controller::show($content, $charset = '', $contentType = '', $prefix = '') D:\database\Project\working\company\finance\App\Admin\Controller\OrderController.class.php 第 19 行.
SQL: SHOW COLUMNS FROM `fi_order` [ RunTime:0.0021s ]
SQL: SHOW COLUMNS FROM `fi_order` [ RunTime:0.0009s ]
ERR: 1052:Column 'order_id' in where clause is ambiguous
 [ SQL语句 ] : SELECT t1.*,t2.*,t3.* FROM fi_order as t1,fi_order_info as t2,fi_sign as t3 WHERE ( order_id in('201711210608132656','201711210551297991','201711210414522639') ) 
ERR: 1052:Column 'order_id' in where clause is ambiguous
 [ SQL语句 ] : SELECT t1.*,t2.*,t3.* FROM fi_order as t1,fi_order_info as t2,fi_sign as t3 WHERE ( order_id in('201711210608132656','201711210551297991','201711210414522639') ) 

[ 2017-11-22T17:14:22+08:00 ] 127.0.0.1 /finance/index.php/Admin/Order/printXls/order/'201711210608132656','201711210551297991','201711210414522639'
INFO: [ app_init ] --START--
INFO: Run Behavior\BuildLiteBehavior [ RunTime:0.000012s ]
INFO: [ app_init ] --END-- [ RunTime:0.000373s ]
INFO: [ app_begin ] --START--
INFO: Run Behavior\ReadHtmlCacheBehavior [ RunTime:0.000701s ]
INFO: [ app_begin ] --END-- [ RunTime:0.000758s ]
NOTIC: [2048] Declaration of Admin\Controller\OrderController::show() should be compatible with Think\Controller::show($content, $charset = '', $contentType = '', $prefix = '') D:\database\Project\working\company\finance\App\Admin\Controller\OrderController.class.php 第 19 行.
SQL: SHOW COLUMNS FROM `fi_order` [ RunTime:0.0007s ]
SQL: SHOW COLUMNS FROM `fi_order` [ RunTime:0.0005s ]
ERR: 1052:Column 'order_id' in where clause is ambiguous
 [ SQL语句 ] : SELECT t1.*,t2.*,t3.* FROM fi_order as t1,fi_order_info as t2,fi_sign as t3 WHERE ( order_id in('201711210608132656','201711210551297991','201711210414522639') ) 
ERR: 1052:Column 'order_id' in where clause is ambiguous
 [ SQL语句 ] : SELECT t1.*,t2.*,t3.* FROM fi_order as t1,fi_order_info as t2,fi_sign as t3 WHERE ( order_id in('201711210608132656','201711210551297991','201711210414522639') ) 

[ 2017-11-22T17:16:53+08:00 ] 127.0.0.1 /finance/index.php/Admin/Order/printXls/order/'201711210608132656','201711210551297991','201711210414522639'
INFO: [ app_init ] --START--
INFO: Run Behavior\BuildLiteBehavior [ RunTime:0.000016s ]
INFO: [ app_init ] --END-- [ RunTime:0.000666s ]
INFO: [ app_begin ] --START--
INFO: Run Behavior\ReadHtmlCacheBehavior [ RunTime:0.000672s ]
INFO: [ app_begin ] --END-- [ RunTime:0.000717s ]
NOTIC: [2048] Declaration of Admin\Controller\OrderController::show() should be compatible with Think\Controller::show($content, $charset = '', $contentType = '', $prefix = '') D:\database\Project\working\company\finance\App\Admin\Controller\OrderController.class.php 第 19 行.
SQL: SHOW COLUMNS FROM `fi_order` [ RunTime:0.0011s ]
SQL: SHOW COLUMNS FROM `fi_order` [ RunTime:0.0008s ]
ERR: 1052:Column 'order_id' in where clause is ambiguous
 [ SQL语句 ] : SELECT t1.*,t2.*,t3.* FROM fi_order as t1,fi_order_info as t2,fi_sign as t3 WHERE ( order_id in('201711210608132656','201711210551297991','201711210414522639') ) 
ERR: 1052:Column 'order_id' in where clause is ambiguous
 [ SQL语句 ] : SELECT t1.*,t2.*,t3.* FROM fi_order as t1,fi_order_info as t2,fi_sign as t3 WHERE ( order_id in('201711210608132656','201711210551297991','201711210414522639') ) 

[ 2017-11-22T17:16:54+08:00 ] 127.0.0.1 /finance/index.php/Admin/Order/printXls/order/'201711210608132656','201711210551297991','201711210414522639'
INFO: [ app_init ] --START--
INFO: Run Behavior\BuildLiteBehavior [ RunTime:0.000011s ]
INFO: [ app_init ] --END-- [ RunTime:0.000471s ]
INFO: [ app_begin ] --START--
INFO: Run Behavior\ReadHtmlCacheBehavior [ RunTime:0.000696s ]
INFO: [ app_begin ] --END-- [ RunTime:0.000734s ]
NOTIC: [2048] Declaration of Admin\Controller\OrderController::show() should be compatible with Think\Controller::show($content, $charset = '', $contentType = '', $prefix = '') D:\database\Project\working\company\finance\App\Admin\Controller\OrderController.class.php 第 19 行.
SQL: SHOW COLUMNS FROM `fi_order` [ RunTime:0.0005s ]
SQL: SHOW COLUMNS FROM `fi_order` [ RunTime:0.0005s ]
ERR: 1052:Column 'order_id' in where clause is ambiguous
 [ SQL语句 ] : SELECT t1.*,t2.*,t3.* FROM fi_order as t1,fi_order_info as t2,fi_sign as t3 WHERE ( order_id in('201711210608132656','201711210551297991','201711210414522639') ) 
ERR: 1052:Column 'order_id' in where clause is ambiguous
 [ SQL语句 ] : SELECT t1.*,t2.*,t3.* FROM fi_order as t1,fi_order_info as t2,fi_sign as t3 WHERE ( order_id in('201711210608132656','201711210551297991','201711210414522639') ) 

[ 2017-11-22T17:17:00+08:00 ] 127.0.0.1 /finance/index.php/Admin/Order/printXls/order/'201711210608132656','201711210551297991','201711210414522639'
INFO: [ app_init ] --START--
INFO: Run Behavior\BuildLiteBehavior [ RunTime:0.000013s ]
INFO: [ app_init ] --END-- [ RunTime:0.000470s ]
INFO: [ app_begin ] --START--
INFO: Run Behavior\ReadHtmlCacheBehavior [ RunTime:0.000746s ]
INFO: [ app_begin ] --END-- [ RunTime:0.000800s ]
NOTIC: [2048] Declaration of Admin\Controller\OrderController::show() should be compatible with Think\Controller::show($content, $charset = '', $contentType = '', $prefix = '') D:\database\Project\working\company\finance\App\Admin\Controller\OrderController.class.php 第 19 行.
SQL: SHOW COLUMNS FROM `fi_order` [ RunTime:0.0006s ]
SQL: SHOW COLUMNS FROM `fi_order` [ RunTime:0.0005s ]
SQL: SELECT t1.*,t2.*,t3.* FROM fi_order as t1,fi_order_info as t2,fi_sign as t3 WHERE ( t1.order_id = t2.order_id AND t2.user_pid = t3.user_pid )  [ RunTime:0.0006s ]
INFO: [ app_end ] --START--
INFO: Run Behavior\ShowPageTraceBehavior [ RunTime:0.001044s ]
INFO: [ app_end ] --END-- [ RunTime:0.001109s ]

[ 2017-11-22T17:17:09+08:00 ] 127.0.0.1 /finance/index.php/Admin/Order/printXls/order/'201711210608132656'
INFO: [ app_init ] --START--
INFO: Run Behavior\BuildLiteBehavior [ RunTime:0.000012s ]
INFO: [ app_init ] --END-- [ RunTime:0.000414s ]
INFO: [ app_begin ] --START--
INFO: Run Behavior\ReadHtmlCacheBehavior [ RunTime:0.000644s ]
INFO: [ app_begin ] --END-- [ RunTime:0.000691s ]
NOTIC: [2048] Declaration of Admin\Controller\OrderController::show() should be compatible with Think\Controller::show($content, $charset = '', $contentType = '', $prefix = '') D:\database\Project\working\company\finance\App\Admin\Controller\OrderController.class.php 第 19 行.
SQL: SHOW COLUMNS FROM `fi_order` [ RunTime:0.0007s ]
SQL: SHOW COLUMNS FROM `fi_order` [ RunTime:0.0005s ]
SQL: SELECT t1.*,t2.*,t3.* FROM fi_order as t1,fi_order_info as t2,fi_sign as t3 WHERE ( t1.order_id = t2.order_id AND t2.user_pid = t3.user_pid )  [ RunTime:0.0006s ]
INFO: [ app_end ] --START--
INFO: Run Behavior\ShowPageTraceBehavior [ RunTime:0.001137s ]
INFO: [ app_end ] --END-- [ RunTime:0.001199s ]

[ 2017-11-22T17:17:29+08:00 ] 127.0.0.1 /finance/index.php/Admin/Order/printXls/order/'201711210608132656'
INFO: [ app_init ] --START--
INFO: Run Behavior\BuildLiteBehavior [ RunTime:0.000017s ]
INFO: [ app_init ] --END-- [ RunTime:0.000540s ]
INFO: [ app_begin ] --START--
INFO: Run Behavior\ReadHtmlCacheBehavior [ RunTime:0.000863s ]
INFO: [ app_begin ] --END-- [ RunTime:0.000937s ]
NOTIC: [2048] Declaration of Admin\Controller\OrderController::show() should be compatible with Think\Controller::show($content, $charset = '', $contentType = '', $prefix = '') D:\database\Project\working\company\finance\App\Admin\Controller\OrderController.class.php 第 19 行.
SQL: SHOW COLUMNS FROM `fi_order` [ RunTime:0.0007s ]
SQL: SHOW COLUMNS FROM `fi_order` [ RunTime:0.0005s ]
SQL: SELECT t1.*,t2.*,t3.* FROM fi_order as t1,fi_order_info as t2,fi_sign as t3 WHERE ( t1.order_id = t2.order_id AND t2.user_pid = t3.user_pid )  [ RunTime:0.0007s ]
INFO: [ app_end ] --START--
INFO: Run Behavior\ShowPageTraceBehavior [ RunTime:0.000978s ]
INFO: [ app_end ] --END-- [ RunTime:0.001056s ]

[ 2017-11-22T17:17:30+08:00 ] 127.0.0.1 /finance/index.php/Admin/Order/printXls/order/'201711210608132656'
INFO: [ app_init ] --START--
INFO: Run Behavior\BuildLiteBehavior [ RunTime:0.000015s ]
INFO: [ app_init ] --END-- [ RunTime:0.000538s ]
INFO: [ app_begin ] --START--
INFO: Run Behavior\ReadHtmlCacheBehavior [ RunTime:0.000599s ]
INFO: [ app_begin ] --END-- [ RunTime:0.000647s ]
NOTIC: [2048] Declaration of Admin\Controller\OrderController::show() should be compatible with Think\Controller::show($content, $charset = '', $contentType = '', $prefix = '') D:\database\Project\working\company\finance\App\Admin\Controller\OrderController.class.php 第 19 行.
SQL: SHOW COLUMNS FROM `fi_order` [ RunTime:0.0011s ]
SQL: SHOW COLUMNS FROM `fi_order` [ RunTime:0.0006s ]
SQL: SELECT t1.*,t2.*,t3.* FROM fi_order as t1,fi_order_info as t2,fi_sign as t3 WHERE ( t1.order_id = t2.order_id AND t2.user_pid = t3.user_pid )  [ RunTime:0.0009s ]
INFO: [ app_end ] --START--
INFO: Run Behavior\ShowPageTraceBehavior [ RunTime:0.000919s ]
INFO: [ app_end ] --END-- [ RunTime:0.000982s ]

[ 2017-11-22T17:53:57+08:00 ] 127.0.0.1 /finance/admin
INFO: [ app_init ] --START--
INFO: Run Behavior\BuildLiteBehavior [ RunTime:0.000011s ]
INFO: [ app_init ] --END-- [ RunTime:0.000434s ]
INFO: [ app_begin ] --START--
INFO: Run Behavior\ReadHtmlCacheBehavior [ RunTime:0.000572s ]
INFO: [ app_begin ] --END-- [ RunTime:0.000617s ]
INFO: [ view_parse ] --START--
INFO: [ template_filter ] --START--
INFO: Run Behavior\ContentReplaceBehavior [ RunTime:0.000058s ]
INFO: [ template_filter ] --END-- [ RunTime:0.000092s ]
INFO: Run Behavior\ParseTemplateBehavior [ RunTime:0.005515s ]
INFO: [ view_parse ] --END-- [ RunTime:0.005574s ]
INFO: [ view_filter ] --START--
INFO: Run Behavior\WriteHtmlCacheBehavior [ RunTime:0.000778s ]
INFO: [ view_filter ] --END-- [ RunTime:0.000845s ]
INFO: [ app_end ] --START--
INFO: Run Behavior\ShowPageTraceBehavior [ RunTime:0.000676s ]
INFO: [ app_end ] --END-- [ RunTime:0.000736s ]

[ 2017-11-22T17:53:57+08:00 ] 127.0.0.1 /finance/index.php/Admin/Order/showList.html
INFO: [ app_init ] --START--
INFO: Run Behavior\BuildLiteBehavior [ RunTime:0.000010s ]
INFO: [ app_init ] --END-- [ RunTime:0.000338s ]
INFO: [ app_begin ] --START--
INFO: Run Behavior\ReadHtmlCacheBehavior [ RunTime:0.000464s ]
INFO: [ app_begin ] --END-- [ RunTime:0.000501s ]
NOTIC: [2048] Declaration of Admin\Controller\OrderController::show() should be compatible with Think\Controller::show($content, $charset = '', $contentType = '', $prefix = '') D:\database\Project\working\company\finance\App\Admin\Controller\OrderController.class.php 第 19 行.
INFO: [ view_parse ] --START--
INFO: [ template_filter ] --START--
INFO: Run Behavior\ContentReplaceBehavior [ RunTime:0.000099s ]
INFO: [ template_filter ] --END-- [ RunTime:0.000146s ]
INFO: Run Behavior\ParseTemplateBehavior [ RunTime:0.007393s ]
INFO: [ view_parse ] --END-- [ RunTime:0.007444s ]
INFO: [ view_filter ] --START--
INFO: Run Behavior\WriteHtmlCacheBehavior [ RunTime:0.000568s ]
INFO: [ view_filter ] --END-- [ RunTime:0.000609s ]
INFO: [ app_end ] --START--
INFO: Run Behavior\ShowPageTraceBehavior [ RunTime:0.000757s ]
INFO: [ app_end ] --END-- [ RunTime:0.000820s ]

[ 2017-11-22T17:53:57+08:00 ] 127.0.0.1 /finance/index.php/Admin/Order/getList?page=1&limit=5
INFO: [ app_init ] --START--
INFO: Run Behavior\BuildLiteBehavior [ RunTime:0.000010s ]
INFO: [ app_init ] --END-- [ RunTime:0.000353s ]
INFO: [ app_begin ] --START--
INFO: Run Behavior\ReadHtmlCacheBehavior [ RunTime:0.000474s ]
INFO: [ app_begin ] --END-- [ RunTime:0.000506s ]
NOTIC: [2048] Declaration of Admin\Controller\OrderController::show() should be compatible with Think\Controller::show($content, $charset = '', $contentType = '', $prefix = '') D:\database\Project\working\company\finance\App\Admin\Controller\OrderController.class.php 第 19 行.
SQL: SHOW COLUMNS FROM `fi_order` [ RunTime:0.0008s ]
SQL: SELECT COUNT(*) AS tp_count FROM `fi_order` LIMIT 1   [ RunTime:0.0002s ]
SQL: SELECT * FROM `fi_order` ORDER BY add_time desc LIMIT 0,5   [ RunTime:0.0003s ]
INFO: [ app_end ] --START--
INFO: Run Behavior\ShowPageTraceBehavior [ RunTime:0.001151s ]
INFO: [ app_end ] --END-- [ RunTime:0.001210s ]

[ 2017-11-22T17:53:59+08:00 ] 127.0.0.1 /finance/admin
INFO: [ app_init ] --START--
INFO: Run Behavior\BuildLiteBehavior [ RunTime:0.000025s ]
INFO: [ app_init ] --END-- [ RunTime:0.000746s ]
INFO: [ app_begin ] --START--
INFO: Run Behavior\ReadHtmlCacheBehavior [ RunTime:0.000645s ]
INFO: [ app_begin ] --END-- [ RunTime:0.000723s ]
INFO: [ app_end ] --START--
INFO: Run Behavior\ShowPageTraceBehavior [ RunTime:0.000662s ]
INFO: [ app_end ] --END-- [ RunTime:0.000714s ]

[ 2017-11-22T17:53:59+08:00 ] 127.0.0.1 /finance/index.php/Admin/Order/showList.html
INFO: [ app_init ] --START--
INFO: Run Behavior\BuildLiteBehavior [ RunTime:0.000014s ]
INFO: [ app_init ] --END-- [ RunTime:0.000387s ]
INFO: [ app_begin ] --START--
INFO: Run Behavior\ReadHtmlCacheBehavior [ RunTime:0.000516s ]
INFO: [ app_begin ] --END-- [ RunTime:0.000565s ]
NOTIC: [2048] Declaration of Admin\Controller\OrderController::show() should be compatible with Think\Controller::show($content, $charset = '', $contentType = '', $prefix = '') D:\database\Project\working\company\finance\App\Admin\Controller\OrderController.class.php 第 19 行.
INFO: [ view_parse ] --START--
INFO: [ template_filter ] --START--
INFO: Run Behavior\ContentReplaceBehavior [ RunTime:0.000227s ]
INFO: [ template_filter ] --END-- [ RunTime:0.000375s ]
INFO: Run Behavior\ParseTemplateBehavior [ RunTime:0.007565s ]
INFO: [ view_parse ] --END-- [ RunTime:0.007628s ]
INFO: [ view_filter ] --START--
INFO: Run Behavior\WriteHtmlCacheBehavior [ RunTime:0.000671s ]
INFO: [ view_filter ] --END-- [ RunTime:0.000725s ]
INFO: [ app_end ] --START--
INFO: Run Behavior\ShowPageTraceBehavior [ RunTime:0.000920s ]
INFO: [ app_end ] --END-- [ RunTime:0.000992s ]

[ 2017-11-22T17:53:59+08:00 ] 127.0.0.1 /finance/index.php/Admin/Order/getList?page=1&limit=5
INFO: [ app_init ] --START--
INFO: Run Behavior\BuildLiteBehavior [ RunTime:0.000011s ]
INFO: [ app_init ] --END-- [ RunTime:0.000375s ]
INFO: [ app_begin ] --START--
INFO: Run Behavior\ReadHtmlCacheBehavior [ RunTime:0.001453s ]
INFO: [ app_begin ] --END-- [ RunTime:0.001696s ]
NOTIC: [2048] Declaration of Admin\Controller\OrderController::show() should be compatible with Think\Controller::show($content, $charset = '', $contentType = '', $prefix = '') D:\database\Project\working\company\finance\App\Admin\Controller\OrderController.class.php 第 19 行.
SQL: SHOW COLUMNS FROM `fi_order` [ RunTime:0.0005s ]
SQL: SELECT COUNT(*) AS tp_count FROM `fi_order` LIMIT 1   [ RunTime:0.0002s ]
SQL: SELECT * FROM `fi_order` ORDER BY add_time desc LIMIT 0,5   [ RunTime:0.0002s ]
INFO: [ app_end ] --START--
INFO: Run Behavior\ShowPageTraceBehavior [ RunTime:0.000668s ]
INFO: [ app_end ] --END-- [ RunTime:0.000708s ]

[ 2017-11-22T17:53:59+08:00 ] 127.0.0.1 /finance/admin
INFO: [ app_init ] --START--
INFO: Run Behavior\BuildLiteBehavior [ RunTime:0.000019s ]
INFO: [ app_init ] --END-- [ RunTime:0.000700s ]
INFO: [ app_begin ] --START--
INFO: Run Behavior\ReadHtmlCacheBehavior [ RunTime:0.000910s ]
INFO: [ app_begin ] --END-- [ RunTime:0.000988s ]
INFO: [ app_end ] --START--
INFO: Run Behavior\ShowPageTraceBehavior [ RunTime:0.000905s ]
INFO: [ app_end ] --END-- [ RunTime:0.001002s ]

[ 2017-11-22T17:53:59+08:00 ] 127.0.0.1 /finance/index.php/Admin/Exam/showList.html
INFO: [ app_init ] --START--
INFO: Run Behavior\BuildLiteBehavior [ RunTime:0.000021s ]
INFO: [ app_init ] --END-- [ RunTime:0.000537s ]
INFO: [ app_begin ] --START--
INFO: Run Behavior\ReadHtmlCacheBehavior [ RunTime:0.000512s ]
INFO: [ app_begin ] --END-- [ RunTime:0.000558s ]
INFO: [ view_parse ] --START--
INFO: [ template_filter ] --START--
INFO: Run Behavior\ContentReplaceBehavior [ RunTime:0.000089s ]
INFO: [ template_filter ] --END-- [ RunTime:0.000133s ]
INFO: Run Behavior\ParseTemplateBehavior [ RunTime:0.053216s ]
INFO: [ view_parse ] --END-- [ RunTime:0.053284s ]
INFO: [ view_filter ] --START--
INFO: Run Behavior\WriteHtmlCacheBehavior [ RunTime:0.000625s ]
INFO: [ view_filter ] --END-- [ RunTime:0.000682s ]
INFO: [ app_end ] --START--
INFO: Run Behavior\ShowPageTraceBehavior [ RunTime:0.000893s ]
INFO: [ app_end ] --END-- [ RunTime:0.000971s ]

[ 2017-11-22T17:53:59+08:00 ] 127.0.0.1 /finance/index.php/Admin/Exam/getList?page=1&limit=5
INFO: [ app_init ] --START--
INFO: Run Behavior\BuildLiteBehavior [ RunTime:0.000012s ]
INFO: [ app_init ] --END-- [ RunTime:0.000381s ]
INFO: [ app_begin ] --START--
INFO: Run Behavior\ReadHtmlCacheBehavior [ RunTime:0.000576s ]
INFO: [ app_begin ] --END-- [ RunTime:0.000624s ]
SQL: SHOW COLUMNS FROM `fi_exam` [ RunTime:0.0008s ]
SQL: SELECT COUNT(*) AS tp_count FROM `fi_exam` LIMIT 1   [ RunTime:0.0002s ]
SQL: SELECT * FROM `fi_exam` ORDER BY add_time desc LIMIT 0,5   [ RunTime:0.0003s ]
SQL: SHOW COLUMNS FROM `fi_sign` [ RunTime:0.0005s ]
SQL: SELECT COUNT(*) AS tp_count FROM `fi_sign` WHERE `exam_id` = '80abcf07dc0cccb4ff5e70728f7eca41' LIMIT 1   [ RunTime:0.0002s ]
SQL: SELECT COUNT(*) AS tp_count FROM `fi_sign` WHERE `exam_id` = '2a05924c2f1144b777ef1a270e805210' LIMIT 1   [ RunTime:0.0002s ]
SQL: SELECT COUNT(*) AS tp_count FROM `fi_sign` WHERE `exam_id` = 'fe2557d302e87364429fb7abfca886f6' LIMIT 1   [ RunTime:0.0002s ]
INFO: [ app_end ] --START--
INFO: Run Behavior\ShowPageTraceBehavior [ RunTime:0.000822s ]
INFO: [ app_end ] --END-- [ RunTime:0.000863s ]

[ 2017-11-22T17:55:06+08:00 ] 127.0.0.1 /finance/admin
INFO: [ app_init ] --START--
INFO: Run Behavior\BuildLiteBehavior [ RunTime:0.000020s ]
INFO: [ app_init ] --END-- [ RunTime:0.000572s ]
INFO: [ app_begin ] --START--
INFO: Run Behavior\ReadHtmlCacheBehavior [ RunTime:0.000669s ]
INFO: [ app_begin ] --END-- [ RunTime:0.000730s ]
INFO: [ view_parse ] --START--
INFO: [ template_filter ] --START--
INFO: Run Behavior\ContentReplaceBehavior [ RunTime:0.000094s ]
INFO: [ template_filter ] --END-- [ RunTime:0.000169s ]
INFO: Run Behavior\ParseTemplateBehavior [ RunTime:0.006703s ]
INFO: [ view_parse ] --END-- [ RunTime:0.006752s ]
INFO: [ view_filter ] --START--
INFO: Run Behavior\WriteHtmlCacheBehavior [ RunTime:0.000472s ]
INFO: [ view_filter ] --END-- [ RunTime:0.000502s ]
INFO: [ app_end ] --START--
INFO: Run Behavior\ShowPageTraceBehavior [ RunTime:0.000630s ]
INFO: [ app_end ] --END-- [ RunTime:0.000665s ]

[ 2017-11-22T17:55:06+08:00 ] 127.0.0.1 /finance/index.php/Admin/Exam/showList.html
INFO: [ app_init ] --START--
INFO: Run Behavior\BuildLiteBehavior [ RunTime:0.000042s ]
INFO: [ app_init ] --END-- [ RunTime:0.000502s ]
INFO: [ app_begin ] --START--
INFO: Run Behavior\ReadHtmlCacheBehavior [ RunTime:0.000617s ]
INFO: [ app_begin ] --END-- [ RunTime:0.000672s ]
INFO: [ view_parse ] --START--
INFO: [ template_filter ] --START--
INFO: Run Behavior\ContentReplaceBehavior [ RunTime:0.000089s ]
INFO: [ template_filter ] --END-- [ RunTime:0.000132s ]
INFO: Run Behavior\ParseTemplateBehavior [ RunTime:0.007169s ]
INFO: [ view_parse ] --END-- [ RunTime:0.007231s ]
INFO: [ view_filter ] --START--
INFO: Run Behavior\WriteHtmlCacheBehavior [ RunTime:0.000931s ]
INFO: [ view_filter ] --END-- [ RunTime:0.001023s ]
INFO: [ app_end ] --START--
INFO: Run Behavior\ShowPageTraceBehavior [ RunTime:0.000952s ]
INFO: [ app_end ] --END-- [ RunTime:0.001019s ]

[ 2017-11-22T17:55:06+08:00 ] 127.0.0.1 /finance/index.php/Admin/Exam/getList?page=1&limit=5
INFO: [ app_init ] --START--
INFO: Run Behavior\BuildLiteBehavior [ RunTime:0.000026s ]
INFO: [ app_init ] --END-- [ RunTime:0.000423s ]
INFO: [ app_begin ] --START--
INFO: Run Behavior\ReadHtmlCacheBehavior [ RunTime:0.000782s ]
INFO: [ app_begin ] --END-- [ RunTime:0.000836s ]
SQL: SHOW COLUMNS FROM `fi_exam` [ RunTime:0.0008s ]
SQL: SELECT COUNT(*) AS tp_count FROM `fi_exam` LIMIT 1   [ RunTime:0.0003s ]
SQL: SELECT * FROM `fi_exam` ORDER BY add_time desc LIMIT 0,5   [ RunTime:0.0004s ]
SQL: SHOW COLUMNS FROM `fi_sign` [ RunTime:0.0008s ]
SQL: SELECT COUNT(*) AS tp_count FROM `fi_sign` WHERE `exam_id` = '80abcf07dc0cccb4ff5e70728f7eca41' LIMIT 1   [ RunTime:0.0006s ]
SQL: SELECT COUNT(*) AS tp_count FROM `fi_sign` WHERE `exam_id` = '2a05924c2f1144b777ef1a270e805210' LIMIT 1   [ RunTime:0.0003s ]
SQL: SELECT COUNT(*) AS tp_count FROM `fi_sign` WHERE `exam_id` = 'fe2557d302e87364429fb7abfca886f6' LIMIT 1   [ RunTime:0.0002s ]
INFO: [ app_end ] --START--
INFO: Run Behavior\ShowPageTraceBehavior [ RunTime:0.000615s ]
INFO: [ app_end ] --END-- [ RunTime:0.000656s ]

[ 2017-11-22T17:55:06+08:00 ] 127.0.0.1 /finance/admin
INFO: [ app_init ] --START--
INFO: Run Behavior\BuildLiteBehavior [ RunTime:0.000014s ]
INFO: [ app_init ] --END-- [ RunTime:0.000778s ]
INFO: [ app_begin ] --START--
INFO: Run Behavior\ReadHtmlCacheBehavior [ RunTime:0.000849s ]
INFO: [ app_begin ] --END-- [ RunTime:0.000930s ]
INFO: [ view_parse ] --START--
INFO: [ template_filter ] --START--
INFO: Run Behavior\ContentReplaceBehavior [ RunTime:0.000061s ]
INFO: [ template_filter ] --END-- [ RunTime:0.000105s ]
INFO: Run Behavior\ParseTemplateBehavior [ RunTime:0.007728s ]
INFO: [ view_parse ] --END-- [ RunTime:0.007791s ]
INFO: [ view_filter ] --START--
INFO: Run Behavior\WriteHtmlCacheBehavior [ RunTime:0.000363s ]
INFO: [ view_filter ] --END-- [ RunTime:0.000391s ]
INFO: [ app_end ] --START--
INFO: Run Behavior\ShowPageTraceBehavior [ RunTime:0.000523s ]
INFO: [ app_end ] --END-- [ RunTime:0.000557s ]

[ 2017-11-22T17:55:06+08:00 ] 127.0.0.1 /finance/index.php/Admin/Exam/showList.html
INFO: [ app_init ] --START--
INFO: Run Behavior\BuildLiteBehavior [ RunTime:0.000012s ]
INFO: [ app_init ] --END-- [ RunTime:0.000410s ]
INFO: [ app_begin ] --START--
INFO: Run Behavior\ReadHtmlCacheBehavior [ RunTime:0.000537s ]
INFO: [ app_begin ] --END-- [ RunTime:0.000586s ]
INFO: [ view_parse ] --START--
INFO: [ template_filter ] --START--
INFO: Run Behavior\ContentReplaceBehavior [ RunTime:0.000085s ]
INFO: [ template_filter ] --END-- [ RunTime:0.000125s ]
INFO: Run Behavior\ParseTemplateBehavior [ RunTime:0.006762s ]
INFO: [ view_parse ] --END-- [ RunTime:0.006801s ]
INFO: [ view_filter ] --START--
INFO: Run Behavior\WriteHtmlCacheBehavior [ RunTime:0.000376s ]
INFO: [ view_filter ] --END-- [ RunTime:0.000406s ]
INFO: [ app_end ] --START--
INFO: Run Behavior\ShowPageTraceBehavior [ RunTime:0.000782s ]
INFO: [ app_end ] --END-- [ RunTime:0.000840s ]

[ 2017-11-22T17:55:06+08:00 ] 127.0.0.1 /finance/index.php/Admin/Exam/getList?page=1&limit=5
INFO: [ app_init ] --START--
INFO: Run Behavior\BuildLiteBehavior [ RunTime:0.000010s ]
INFO: [ app_init ] --END-- [ RunTime:0.000343s ]
INFO: [ app_begin ] --START--
INFO: Run Behavior\ReadHtmlCacheBehavior [ RunTime:0.000743s ]
INFO: [ app_begin ] --END-- [ RunTime:0.000812s ]
SQL: SHOW COLUMNS FROM `fi_exam` [ RunTime:0.0005s ]
SQL: SELECT COUNT(*) AS tp_count FROM `fi_exam` LIMIT 1   [ RunTime:0.0001s ]
SQL: SELECT * FROM `fi_exam` ORDER BY add_time desc LIMIT 0,5   [ RunTime:0.0002s ]
SQL: SHOW COLUMNS FROM `fi_sign` [ RunTime:0.0004s ]
SQL: SELECT COUNT(*) AS tp_count FROM `fi_sign` WHERE `exam_id` = '80abcf07dc0cccb4ff5e70728f7eca41' LIMIT 1   [ RunTime:0.0002s ]
SQL: SELECT COUNT(*) AS tp_count FROM `fi_sign` WHERE `exam_id` = '2a05924c2f1144b777ef1a270e805210' LIMIT 1   [ RunTime:0.0001s ]
SQL: SELECT COUNT(*) AS tp_count FROM `fi_sign` WHERE `exam_id` = 'fe2557d302e87364429fb7abfca886f6' LIMIT 1   [ RunTime:0.0001s ]
INFO: [ app_end ] --START--
INFO: Run Behavior\ShowPageTraceBehavior [ RunTime:0.000618s ]
INFO: [ app_end ] --END-- [ RunTime:0.000652s ]

[ 2017-11-22T18:00:01+08:00 ] 127.0.0.1 /finance/index.php/Admin/Order/printXls/order/'201711210608132656'
INFO: [ app_init ] --START--
INFO: Run Behavior\BuildLiteBehavior [ RunTime:0.000009s ]
INFO: [ app_init ] --END-- [ RunTime:0.000400s ]
INFO: [ app_begin ] --START--
INFO: Run Behavior\ReadHtmlCacheBehavior [ RunTime:0.000451s ]
INFO: [ app_begin ] --END-- [ RunTime:0.000485s ]
NOTIC: [2048] Declaration of Admin\Controller\OrderController::show() should be compatible with Think\Controller::show($content, $charset = '', $contentType = '', $prefix = '') D:\database\Project\working\company\finance\App\Admin\Controller\OrderController.class.php 第 19 行.
SQL: SHOW COLUMNS FROM `fi_order` [ RunTime:0.0007s ]
SQL: SHOW COLUMNS FROM `fi_order` [ RunTime:0.0015s ]
SQL: SELECT t1.*,t2.*,t3.* FROM fi_order as t1,fi_order_info as t2,fi_sign as t3 WHERE ( t1.order_id = t2.order_id AND t2.user_pid = t3.user_pid )  [ RunTime:0.0012s ]
INFO: [ app_end ] --START--
INFO: Run Behavior\ShowPageTraceBehavior [ RunTime:0.000907s ]
INFO: [ app_end ] --END-- [ RunTime:0.000980s ]

[ 2017-11-22T18:00:03+08:00 ] 127.0.0.1 /finance/index.php/Admin/Order/printXls/order/'201711210608132656'
INFO: [ app_init ] --START--
INFO: Run Behavior\BuildLiteBehavior [ RunTime:0.000012s ]
INFO: [ app_init ] --END-- [ RunTime:0.000456s ]
INFO: [ app_begin ] --START--
INFO: Run Behavior\ReadHtmlCacheBehavior [ RunTime:0.000404s ]
INFO: [ app_begin ] --END-- [ RunTime:0.000442s ]
NOTIC: [2048] Declaration of Admin\Controller\OrderController::show() should be compatible with Think\Controller::show($content, $charset = '', $contentType = '', $prefix = '') D:\database\Project\working\company\finance\App\Admin\Controller\OrderController.class.php 第 19 行.
SQL: SHOW COLUMNS FROM `fi_order` [ RunTime:0.0007s ]
SQL: SHOW COLUMNS FROM `fi_order` [ RunTime:0.0006s ]
SQL: SELECT t1.*,t2.*,t3.* FROM fi_order as t1,fi_order_info as t2,fi_sign as t3 WHERE ( t1.order_id = t2.order_id AND t2.user_pid = t3.user_pid )  [ RunTime:0.0006s ]
INFO: [ app_end ] --START--
INFO: Run Behavior\ShowPageTraceBehavior [ RunTime:0.001169s ]
INFO: [ app_end ] --END-- [ RunTime:0.001269s ]

[ 2017-11-22T18:00:03+08:00 ] 127.0.0.1 /finance/index.php/Admin/Order/printXls/order/'201711210608132656'
INFO: [ app_init ] --START--
INFO: Run Behavior\BuildLiteBehavior [ RunTime:0.000010s ]
INFO: [ app_init ] --END-- [ RunTime:0.000402s ]
INFO: [ app_begin ] --START--
INFO: Run Behavior\ReadHtmlCacheBehavior [ RunTime:0.000480s ]
INFO: [ app_begin ] --END-- [ RunTime:0.000525s ]
NOTIC: [2048] Declaration of Admin\Controller\OrderController::show() should be compatible with Think\Controller::show($content, $charset = '', $contentType = '', $prefix = '') D:\database\Project\working\company\finance\App\Admin\Controller\OrderController.class.php 第 19 行.
SQL: SHOW COLUMNS FROM `fi_order` [ RunTime:0.0005s ]
SQL: SHOW COLUMNS FROM `fi_order` [ RunTime:0.0005s ]
SQL: SELECT t1.*,t2.*,t3.* FROM fi_order as t1,fi_order_info as t2,fi_sign as t3 WHERE ( t1.order_id = t2.order_id AND t2.user_pid = t3.user_pid )  [ RunTime:0.0005s ]
INFO: [ app_end ] --START--
INFO: Run Behavior\ShowPageTraceBehavior [ RunTime:0.000704s ]
INFO: [ app_end ] --END-- [ RunTime:0.000776s ]

[ 2017-11-22T18:01:16+08:00 ] 127.0.0.1 /finance/index.php/Admin/Index/index.html
INFO: [ app_init ] --START--
INFO: Run Behavior\BuildLiteBehavior [ RunTime:0.000016s ]
INFO: [ app_init ] --END-- [ RunTime:0.000525s ]
INFO: [ app_begin ] --START--
INFO: Run Behavior\ReadHtmlCacheBehavior [ RunTime:0.000527s ]
INFO: [ app_begin ] --END-- [ RunTime:0.000584s ]
INFO: [ view_parse ] --START--
INFO: [ template_filter ] --START--
INFO: Run Behavior\ContentReplaceBehavior [ RunTime:0.000177s ]
INFO: [ template_filter ] --END-- [ RunTime:0.000342s ]
INFO: Run Behavior\ParseTemplateBehavior [ RunTime:0.007900s ]
INFO: [ view_parse ] --END-- [ RunTime:0.007969s ]
INFO: [ view_filter ] --START--
INFO: Run Behavior\WriteHtmlCacheBehavior [ RunTime:0.000558s ]
INFO: [ view_filter ] --END-- [ RunTime:0.000604s ]
INFO: [ app_end ] --START--
INFO: Run Behavior\ShowPageTraceBehavior [ RunTime:0.000764s ]
INFO: [ app_end ] --END-- [ RunTime:0.000822s ]

[ 2017-11-22T18:01:16+08:00 ] 127.0.0.1 /finance/index.php/Admin/Exam/showList.html
INFO: [ app_init ] --START--
INFO: Run Behavior\BuildLiteBehavior [ RunTime:0.000021s ]
INFO: [ app_init ] --END-- [ RunTime:0.000600s ]
INFO: [ app_begin ] --START--
INFO: Run Behavior\ReadHtmlCacheBehavior [ RunTime:0.000705s ]
INFO: [ app_begin ] --END-- [ RunTime:0.000789s ]
INFO: [ view_parse ] --START--
INFO: [ template_filter ] --START--
INFO: Run Behavior\ContentReplaceBehavior [ RunTime:0.000158s ]
INFO: [ template_filter ] --END-- [ RunTime:0.000287s ]
INFO: Run Behavior\ParseTemplateBehavior [ RunTime:0.010826s ]
INFO: [ view_parse ] --END-- [ RunTime:0.010947s ]
INFO: [ view_filter ] --START--
INFO: Run Behavior\WriteHtmlCacheBehavior [ RunTime:0.000627s ]
INFO: [ view_filter ] --END-- [ RunTime:0.000683s ]
INFO: [ app_end ] --START--
INFO: Run Behavior\ShowPageTraceBehavior [ RunTime:0.000881s ]
INFO: [ app_end ] --END-- [ RunTime:0.000953s ]

[ 2017-11-22T18:01:16+08:00 ] 127.0.0.1 /finance/index.php/Admin/Exam/getList?page=1&limit=5
INFO: [ app_init ] --START--
INFO: Run Behavior\BuildLiteBehavior [ RunTime:0.000019s ]
INFO: [ app_init ] --END-- [ RunTime:0.000425s ]
INFO: [ app_begin ] --START--
INFO: Run Behavior\ReadHtmlCacheBehavior [ RunTime:0.000675s ]
INFO: [ app_begin ] --END-- [ RunTime:0.000755s ]
SQL: SHOW COLUMNS FROM `fi_exam` [ RunTime:0.0009s ]
SQL: SELECT COUNT(*) AS tp_count FROM `fi_exam` LIMIT 1   [ RunTime:0.0002s ]
SQL: SELECT * FROM `fi_exam` ORDER BY add_time desc LIMIT 0,5   [ RunTime:0.0003s ]
SQL: SHOW COLUMNS FROM `fi_sign` [ RunTime:0.0006s ]
SQL: SELECT COUNT(*) AS tp_count FROM `fi_sign` WHERE `exam_id` = '80abcf07dc0cccb4ff5e70728f7eca41' LIMIT 1   [ RunTime:0.0003s ]
SQL: SELECT COUNT(*) AS tp_count FROM `fi_sign` WHERE `exam_id` = '2a05924c2f1144b777ef1a270e805210' LIMIT 1   [ RunTime:0.0002s ]
SQL: SELECT COUNT(*) AS tp_count FROM `fi_sign` WHERE `exam_id` = 'fe2557d302e87364429fb7abfca886f6' LIMIT 1   [ RunTime:0.0003s ]
INFO: [ app_end ] --START--
INFO: Run Behavior\ShowPageTraceBehavior [ RunTime:0.000863s ]
INFO: [ app_end ] --END-- [ RunTime:0.000925s ]

[ 2017-11-22T18:01:17+08:00 ] 127.0.0.1 /finance/index.php/Admin/Index/index.html
INFO: [ app_init ] --START--
INFO: Run Behavior\BuildLiteBehavior [ RunTime:0.000011s ]
INFO: [ app_init ] --END-- [ RunTime:0.000406s ]
INFO: [ app_begin ] --START--
INFO: Run Behavior\ReadHtmlCacheBehavior [ RunTime:0.000480s ]
INFO: [ app_begin ] --END-- [ RunTime:0.000521s ]
INFO: [ view_parse ] --START--
INFO: [ template_filter ] --START--
INFO: Run Behavior\ContentReplaceBehavior [ RunTime:0.000062s ]
INFO: [ template_filter ] --END-- [ RunTime:0.000103s ]
INFO: Run Behavior\ParseTemplateBehavior [ RunTime:0.006184s ]
INFO: [ view_parse ] --END-- [ RunTime:0.006246s ]
INFO: [ view_filter ] --START--
INFO: Run Behavior\WriteHtmlCacheBehavior [ RunTime:0.000446s ]
INFO: [ view_filter ] --END-- [ RunTime:0.000481s ]
INFO: [ app_end ] --START--
INFO: Run Behavior\ShowPageTraceBehavior [ RunTime:0.000638s ]
INFO: [ app_end ] --END-- [ RunTime:0.000677s ]

[ 2017-11-22T18:01:17+08:00 ] 127.0.0.1 /finance/index.php/Admin/Exam/showList.html
INFO: [ app_init ] --START--
INFO: Run Behavior\BuildLiteBehavior [ RunTime:0.000019s ]
INFO: [ app_init ] --END-- [ RunTime:0.000848s ]
INFO: [ app_begin ] --START--
INFO: Run Behavior\ReadHtmlCacheBehavior [ RunTime:0.000741s ]
INFO: [ app_begin ] --END-- [ RunTime:0.000828s ]
INFO: [ view_parse ] --START--
INFO: [ template_filter ] --START--
INFO: Run Behavior\ContentReplaceBehavior [ RunTime:0.000086s ]
INFO: [ template_filter ] --END-- [ RunTime:0.000126s ]
INFO: Run Behavior\ParseTemplateBehavior [ RunTime:0.006597s ]
INFO: [ view_parse ] --END-- [ RunTime:0.006650s ]
INFO: [ view_filter ] --START--
INFO: Run Behavior\WriteHtmlCacheBehavior [ RunTime:0.000347s ]
INFO: [ view_filter ] --END-- [ RunTime:0.000374s ]
INFO: [ app_end ] --START--
INFO: Run Behavior\ShowPageTraceBehavior [ RunTime:0.000614s ]
INFO: [ app_end ] --END-- [ RunTime:0.000672s ]

[ 2017-11-22T18:01:17+08:00 ] 127.0.0.1 /finance/index.php/Admin/Exam/getList?page=1&limit=5
INFO: [ app_init ] --START--
INFO: Run Behavior\BuildLiteBehavior [ RunTime:0.000020s ]
INFO: [ app_init ] --END-- [ RunTime:0.000481s ]
INFO: [ app_begin ] --START--
INFO: Run Behavior\ReadHtmlCacheBehavior [ RunTime:0.000483s ]
INFO: [ app_begin ] --END-- [ RunTime:0.000533s ]
SQL: SHOW COLUMNS FROM `fi_exam` [ RunTime:0.0012s ]
SQL: SELECT COUNT(*) AS tp_count FROM `fi_exam` LIMIT 1   [ RunTime:0.0004s ]
SQL: SELECT * FROM `fi_exam` ORDER BY add_time desc LIMIT 0,5   [ RunTime:0.0004s ]
SQL: SHOW COLUMNS FROM `fi_sign` [ RunTime:0.0008s ]
SQL: SELECT COUNT(*) AS tp_count FROM `fi_sign` WHERE `exam_id` = '80abcf07dc0cccb4ff5e70728f7eca41' LIMIT 1   [ RunTime:0.0003s ]
SQL: SELECT COUNT(*) AS tp_count FROM `fi_sign` WHERE `exam_id` = '2a05924c2f1144b777ef1a270e805210' LIMIT 1   [ RunTime:0.0002s ]
SQL: SELECT COUNT(*) AS tp_count FROM `fi_sign` WHERE `exam_id` = 'fe2557d302e87364429fb7abfca886f6' LIMIT 1   [ RunTime:0.0002s ]
INFO: [ app_end ] --START--
INFO: Run Behavior\ShowPageTraceBehavior [ RunTime:0.000746s ]
INFO: [ app_end ] --END-- [ RunTime:0.000788s ]

